2025-12-30 13:58:58,691 - INFO - Logging initialized. Log file: logs\upload_20251230_135858.log
2025-12-30 13:59:13,585 - INFO - 
██████████████████████████████████████████████████████████████████████
2025-12-30 13:59:13,586 - INFO - STAGE 3: IEEE XML CONVERSION UPLOAD
2025-12-30 13:59:13,586 - INFO - ██████████████████████████████████████████████████████████████████████

2025-12-30 13:59:13,591 - INFO - Found 1 item(s) to process

2025-12-30 13:59:13,591 - INFO - ======================================================================
2025-12-30 13:59:13,592 - INFO - PHASE 1: OPENING IEEE XML CONVERSION TOOL
2025-12-30 13:59:13,593 - INFO - ======================================================================
2025-12-30 13:59:13,593 - INFO - 
[1.1] Starting application...
2025-12-30 13:59:18,346 - INFO - ✓ Application started
2025-12-30 13:59:22,431 - INFO - 
[1.2] Finding tool window...
2025-12-30 13:59:22,966 - INFO - ✓ Found window: 'IEEE_XML_Conversion_App'
2025-12-30 13:59:23,967 - INFO - 
======================================================================
2025-12-30 13:59:23,968 - INFO - PHASE 2: CLICK CONVERSION TAB
2025-12-30 13:59:23,968 - INFO - ======================================================================
2025-12-30 13:59:23,969 - INFO - 
[2.1] Looking for 'Conversion' tab...
2025-12-30 13:59:24,294 - INFO - Found 3 tab item(s)
2025-12-30 13:59:24,296 - INFO -   Tab 1: 'PreQA'
2025-12-30 13:59:24,299 - INFO -   Tab 2: 'Conversion'
2025-12-30 13:59:24,299 - INFO - ✓ Found 'Conversion' tab: 'Conversion'
2025-12-30 13:59:24,301 - INFO - Clicking Conversion tab...
2025-12-30 13:59:24,426 - INFO - ✓ Clicked Conversion tab
2025-12-30 13:59:26,426 - INFO - 
██████████████████████████████████████████████████████████████████████
2025-12-30 13:59:26,427 - INFO - PROCESSING ITEM 1/1
2025-12-30 13:59:26,428 - INFO - ██████████████████████████████████████████████████████████████████████
2025-12-30 13:59:26,429 - INFO - 
Item: 68178-11308157-NU_11309590
2025-12-30 13:59:26,430 - INFO - Input: C:\Users\raviteja\OneDrive\Desktop\20251230\68178-11308157-NU\68178-11308157-NU_11309590
2025-12-30 13:59:26,430 - INFO - Meta:  C:\Users\raviteja\OneDrive\Desktop\20251230\68178-11308157-NU\68178-11308157-NU_11309590\Meta
2025-12-30 13:59:26,431 - INFO - 
======================================================================
2025-12-30 13:59:26,431 - INFO - PHASE 3: INPUT FOLDER PATHS
2025-12-30 13:59:26,433 - INFO - ======================================================================
2025-12-30 13:59:27,434 - INFO - 
[3.1] Finding edit fields...
2025-12-30 13:59:27,777 - INFO - Found 2 Edit field(s)
2025-12-30 13:59:27,779 - INFO - ✓ Using fields by position
2025-12-30 13:59:27,779 - INFO - 
[3.2] Entering Input Folder path...
2025-12-30 13:59:27,780 - INFO -   Path: C:\Users\raviteja\OneDrive\Desktop\20251230\68178-11308157-NU\68178-11308157-NU_11309590
2025-12-30 13:59:29,279 - INFO - ✓ Entered input folder path
2025-12-30 13:59:29,780 - INFO - 
[3.3] Entering Meta Folder path...
2025-12-30 13:59:29,780 - INFO -   Path: C:\Users\raviteja\OneDrive\Desktop\20251230\68178-11308157-NU\68178-11308157-NU_11309590\Meta
2025-12-30 13:59:31,328 - INFO - ✓ Entered meta folder path
2025-12-30 13:59:31,829 - INFO - ✓ All paths entered successfully
2025-12-30 13:59:31,829 - INFO - 
======================================================================
2025-12-30 13:59:31,829 - INFO - PHASE 4: CLICK PROCESS BUTTON
2025-12-30 13:59:31,830 - INFO - ======================================================================
2025-12-30 13:59:31,830 - INFO - 
[4.1] Looking for 'Process' button...
2025-12-30 13:59:32,104 - INFO - Found 4 button(s)
2025-12-30 13:59:32,107 - INFO - ✓ Found 'Process' button
2025-12-30 13:59:32,108 - INFO - Clicking Process button...
2025-12-30 13:59:32,224 - INFO - ✓ Process button clicked
2025-12-30 13:59:33,226 - INFO - 
[4.2] Waiting for OK button popup...
2025-12-30 13:59:34,807 - INFO - ✓ OK button found by name! (after 0.0s)
2025-12-30 13:59:34,814 - INFO - ✓ Clicked OK button
2025-12-30 13:59:37,848 - INFO - 
[4.3] Moving Meta folder to Appout/UniqueID...
2025-12-30 13:59:37,852 - INFO - ✓ Found Meta folder in input: C:\Users\raviteja\OneDrive\Desktop\20251230\68178-11308157-NU\68178-11308157-NU_11309590\Meta
2025-12-30 13:59:37,856 - INFO - ✓ Found Appout folder
2025-12-30 13:59:37,867 - INFO - ✓ Found unique ID folder: 68178_11309590
2025-12-30 13:59:37,890 - INFO - ✓ Moved Meta folder to unique ID folder
2025-12-30 13:59:37,902 - INFO -   From: C:\Users\raviteja\OneDrive\Desktop\20251230\68178-11308157-NU\68178-11308157-NU_11309590\Meta
2025-12-30 13:59:37,905 - INFO -   To:   C:\Users\raviteja\OneDrive\Desktop\20251230\68178-11308157-NU\68178-11308157-NU_11309590\Appout\68178_11309590\Meta
2025-12-30 13:59:37,907 - INFO - ✓ 68178-11308157-NU_11309590 processed successfully
2025-12-30 13:59:37,908 - INFO - 
======================================================================
2025-12-30 13:59:37,912 - INFO - PROCESSING COMPLETE - SUMMARY
2025-12-30 13:59:37,920 - INFO - ======================================================================
2025-12-30 13:59:37,927 - INFO - Total Items: 1
2025-12-30 13:59:37,928 - INFO - Successful: 1
2025-12-30 13:59:37,933 - INFO - Failed: 0
2025-12-30 13:59:37,940 - INFO - Success Rate: 100.0%
2025-12-30 13:59:37,941 - INFO - 
Log file: logs\upload_20251230_135858.log
2025-12-30 13:59:37,944 - INFO - ======================================================================
