2025-12-28 22:25:03,460 - INFO - Logging initialized. Log file: logs\upload_20251228_222503.log
2025-12-28 22:25:05,335 - INFO - 
██████████████████████████████████████████████████████████████████████
2025-12-28 22:25:05,336 - INFO - STAGE 3: IEEE XML CONVERSION UPLOAD
2025-12-28 22:25:05,336 - INFO - ██████████████████████████████████████████████████████████████████████

2025-12-28 22:25:05,492 - INFO - Found 26 item(s) to process

2025-12-28 22:25:05,495 - INFO - ======================================================================
2025-12-28 22:25:05,496 - INFO - PHASE 1: OPENING IEEE XML CONVERSION TOOL
2025-12-28 22:25:05,496 - INFO - ======================================================================
2025-12-28 22:25:05,497 - INFO - 
[1.1] Starting application...
2025-12-28 22:25:06,087 - INFO - ✓ Application started
2025-12-28 22:25:10,087 - INFO - 
[1.2] Finding tool window...
2025-12-28 22:25:20,323 - INFO - ✓ Found window: 'IEEE_XML_Conversion_App'
2025-12-28 22:25:21,324 - INFO - 
======================================================================
2025-12-28 22:25:21,325 - INFO - PHASE 2: CLICK CONVERSION TAB
2025-12-28 22:25:21,326 - INFO - ======================================================================
2025-12-28 22:25:21,329 - INFO - 
[2.1] Looking for 'Conversion' tab...
2025-12-28 22:25:21,607 - INFO - Found 3 tab item(s)
2025-12-28 22:25:21,609 - INFO -   Tab 1: 'PreQA'
2025-12-28 22:25:21,611 - INFO -   Tab 2: 'Conversion'
2025-12-28 22:25:21,611 - INFO - ✓ Found 'Conversion' tab: 'Conversion'
2025-12-28 22:25:21,611 - INFO - Clicking Conversion tab...
2025-12-28 22:25:21,723 - INFO - ✓ Clicked Conversion tab
2025-12-28 22:25:23,724 - INFO - 
██████████████████████████████████████████████████████████████████████
2025-12-28 22:25:23,725 - INFO - PROCESSING ITEM 1/26
2025-12-28 22:25:23,726 - INFO - ██████████████████████████████████████████████████████████████████████
2025-12-28 22:25:23,728 - INFO - 
Item: 66658_11317819
2025-12-28 22:25:23,729 - INFO - Input: G:\My Drive\Arczenrick\IEEE\2025\December\20251228\haritha\66658-11317799-NU\66658-11317799-NU_11317819\AppOut\66658_11317819
2025-12-28 22:25:23,731 - INFO - Meta:  G:\My Drive\Arczenrick\IEEE\2025\December\20251228\haritha\66658-11317799-NU\66658-11317799-NU_11317819\AppOut\66658_11317819\Meta
2025-12-28 22:25:23,733 - INFO - 
======================================================================
2025-12-28 22:25:23,738 - INFO - PHASE 3: INPUT FOLDER PATHS
2025-12-28 22:25:23,740 - INFO - ======================================================================
2025-12-28 22:25:24,741 - INFO - 
[3.1] Finding edit fields...
2025-12-28 22:25:25,012 - INFO - Found 2 Edit field(s)
2025-12-28 22:25:25,013 - INFO - ✓ Using fields by position
2025-12-28 22:25:25,013 - INFO - 
[3.2] Entering Input Folder path...
2025-12-28 22:25:25,014 - INFO -   Path: G:\My Drive\Arczenrick\IEEE\2025\December\20251228\haritha\66658-11317799-NU\66658-11317799-NU_11317819\AppOut\66658_11317819
2025-12-28 22:25:26,958 - INFO - ✓ Entered input folder path
2025-12-28 22:25:27,458 - INFO - 
[3.3] Entering Meta Folder path...
2025-12-28 22:25:27,460 - INFO -   Path: G:\My Drive\Arczenrick\IEEE\2025\December\20251228\haritha\66658-11317799-NU\66658-11317799-NU_11317819\AppOut\66658_11317819\Meta
2025-12-28 22:25:29,465 - INFO - ✓ Entered meta folder path
2025-12-28 22:25:29,965 - INFO - ✓ All paths entered successfully
2025-12-28 22:25:29,966 - INFO - 
======================================================================
2025-12-28 22:25:29,968 - INFO - PHASE 4: CLICK PROCESS BUTTON
2025-12-28 22:25:29,970 - INFO - ======================================================================
2025-12-28 22:25:29,971 - INFO - 
[4.1] Looking for 'Process' button...
2025-12-28 22:25:30,285 - INFO - Found 4 button(s)
2025-12-28 22:25:30,290 - INFO - ✓ Found 'Process' button
2025-12-28 22:25:30,290 - INFO - Clicking Process button...
2025-12-28 22:25:30,404 - INFO - ✓ Process button clicked
2025-12-28 22:25:31,405 - INFO - 
[4.2] Waiting for OK button popup...
2025-12-28 22:25:44,716 - WARNING - ⚠ No OK button found within 10s
2025-12-28 22:25:44,717 - ERROR - ✗ Failed to click OK button
2025-12-28 22:25:44,717 - ERROR - ✗ Failed to process 66658_11317819
2025-12-28 22:25:44,718 - INFO - 
██████████████████████████████████████████████████████████████████████
2025-12-28 22:25:44,719 - INFO - PROCESSING ITEM 2/26
2025-12-28 22:25:44,719 - INFO - ██████████████████████████████████████████████████████████████████████
2025-12-28 22:25:44,720 - INFO - 
Item: 66658_11317821
2025-12-28 22:25:44,720 - INFO - Input: G:\My Drive\Arczenrick\IEEE\2025\December\20251228\haritha\66658-11317799-NU\66658-11317799-NU_11317821\AppOut\66658_11317821
2025-12-28 22:25:44,721 - INFO - Meta:  G:\My Drive\Arczenrick\IEEE\2025\December\20251228\haritha\66658-11317799-NU\66658-11317799-NU_11317821\AppOut\66658_11317821\Meta
2025-12-28 22:25:44,722 - INFO - 
======================================================================
2025-12-28 22:25:44,724 - INFO - PHASE 3: INPUT FOLDER PATHS
2025-12-28 22:25:44,726 - INFO - ======================================================================
2025-12-28 22:25:45,728 - INFO - 
[3.1] Finding edit fields...
2025-12-28 22:25:46,003 - INFO - Found 2 Edit field(s)
2025-12-28 22:25:46,004 - INFO - ✓ Using fields by position
2025-12-28 22:25:46,005 - INFO - 
[3.2] Entering Input Folder path...
2025-12-28 22:25:46,005 - INFO -   Path: G:\My Drive\Arczenrick\IEEE\2025\December\20251228\haritha\66658-11317799-NU\66658-11317799-NU_11317821\AppOut\66658_11317821
2025-12-28 22:25:47,939 - INFO - ✓ Entered input folder path
2025-12-28 22:25:48,440 - INFO - 
[3.3] Entering Meta Folder path...
2025-12-28 22:25:48,441 - INFO -   Path: G:\My Drive\Arczenrick\IEEE\2025\December\20251228\haritha\66658-11317799-NU\66658-11317799-NU_11317821\AppOut\66658_11317821\Meta
2025-12-28 22:25:50,452 - INFO - ✓ Entered meta folder path
2025-12-28 22:25:50,953 - INFO - ✓ All paths entered successfully
2025-12-28 22:25:50,955 - INFO - 
======================================================================
2025-12-28 22:25:50,957 - INFO - PHASE 4: CLICK PROCESS BUTTON
2025-12-28 22:25:50,960 - INFO - ======================================================================
2025-12-28 22:25:50,963 - INFO - 
[4.1] Looking for 'Process' button...
2025-12-28 22:25:51,227 - INFO - Found 4 button(s)
2025-12-28 22:25:51,230 - INFO - ✓ Found 'Process' button
2025-12-28 22:25:51,230 - INFO - Clicking Process button...
2025-12-28 22:25:51,349 - INFO - ✓ Process button clicked
2025-12-28 22:25:52,350 - INFO - 
[4.2] Waiting for OK button popup...
2025-12-28 22:26:06,194 - WARNING - ⚠ No OK button found within 10s
2025-12-28 22:26:06,195 - ERROR - ✗ Failed to click OK button
2025-12-28 22:26:06,195 - ERROR - ✗ Failed to process 66658_11317821
2025-12-28 22:26:06,197 - INFO - 
██████████████████████████████████████████████████████████████████████
2025-12-28 22:26:06,198 - INFO - PROCESSING ITEM 3/26
2025-12-28 22:26:06,198 - INFO - ██████████████████████████████████████████████████████████████████████
2025-12-28 22:26:06,199 - INFO - 
Item: 66672-11315051-NU_11315053
2025-12-28 22:26:06,199 - INFO - Input: G:\My Drive\Arczenrick\IEEE\2025\December\20251228\haritha\66672-11315051-NU\66672-11315051-NU_11315053
2025-12-28 22:26:06,199 - INFO - Meta:  G:\My Drive\Arczenrick\IEEE\2025\December\20251228\haritha\66672-11315051-NU\66672-11315051-NU_11315053\Meta
2025-12-28 22:26:06,200 - INFO - 
======================================================================
2025-12-28 22:26:06,201 - INFO - PHASE 3: INPUT FOLDER PATHS
2025-12-28 22:26:06,201 - INFO - ======================================================================
2025-12-28 22:26:07,202 - INFO - 
[3.1] Finding edit fields...
2025-12-28 22:26:07,459 - INFO - Found 2 Edit field(s)
2025-12-28 22:26:07,460 - INFO - ✓ Using fields by position
2025-12-28 22:26:07,460 - INFO - 
[3.2] Entering Input Folder path...
2025-12-28 22:26:07,460 - INFO -   Path: G:\My Drive\Arczenrick\IEEE\2025\December\20251228\haritha\66672-11315051-NU\66672-11315051-NU_11315053
2025-12-28 22:26:09,158 - INFO - ✓ Entered input folder path
2025-12-28 22:26:09,659 - INFO - 
[3.3] Entering Meta Folder path...
2025-12-28 22:26:09,661 - INFO -   Path: G:\My Drive\Arczenrick\IEEE\2025\December\20251228\haritha\66672-11315051-NU\66672-11315051-NU_11315053\Meta
2025-12-28 22:26:11,434 - INFO - ✓ Entered meta folder path
2025-12-28 22:26:11,935 - INFO - ✓ All paths entered successfully
2025-12-28 22:26:11,936 - INFO - 
======================================================================
2025-12-28 22:26:11,938 - INFO - PHASE 4: CLICK PROCESS BUTTON
2025-12-28 22:26:11,939 - INFO - ======================================================================
2025-12-28 22:26:11,940 - INFO - 
[4.1] Looking for 'Process' button...
2025-12-28 22:26:12,204 - INFO - Found 4 button(s)
2025-12-28 22:26:12,208 - INFO - ✓ Found 'Process' button
2025-12-28 22:26:12,209 - INFO - Clicking Process button...
2025-12-28 22:26:12,328 - INFO - ✓ Process button clicked
2025-12-28 22:26:13,329 - INFO - 
[4.2] Waiting for OK button popup...
2025-12-28 22:26:25,030 - INFO - ✓ OK button found by name! (after 0.0s)
2025-12-28 22:26:25,032 - INFO - ✓ Clicked OK button
2025-12-28 22:26:28,036 - INFO - 
[4.3] Moving Meta folder to Appout/UniqueID...
2025-12-28 22:26:28,040 - INFO - ✓ Found Meta folder in input: G:\My Drive\Arczenrick\IEEE\2025\December\20251228\haritha\66672-11315051-NU\66672-11315051-NU_11315053\Meta
2025-12-28 22:26:28,045 - INFO - ✓ Found Appout folder
2025-12-28 22:26:28,057 - INFO - ✓ Found unique ID folder: 66672_11315053
2025-12-28 22:26:28,086 - INFO - ✓ Moved Meta folder to unique ID folder
2025-12-28 22:26:28,087 - INFO -   From: G:\My Drive\Arczenrick\IEEE\2025\December\20251228\haritha\66672-11315051-NU\66672-11315051-NU_11315053\Meta
2025-12-28 22:26:28,088 - INFO -   To:   G:\My Drive\Arczenrick\IEEE\2025\December\20251228\haritha\66672-11315051-NU\66672-11315051-NU_11315053\Appout\66672_11315053\Meta
2025-12-28 22:26:28,089 - INFO - ✓ 66672-11315051-NU_11315053 processed successfully
2025-12-28 22:26:28,089 - INFO - 
Waiting 2 seconds before next item...
2025-12-28 22:26:30,090 - INFO - 
██████████████████████████████████████████████████████████████████████
2025-12-28 22:26:30,096 - INFO - PROCESSING ITEM 4/26
2025-12-28 22:26:30,097 - INFO - ██████████████████████████████████████████████████████████████████████
2025-12-28 22:26:30,104 - INFO - 
Item: 66672-11315051-NU_11315057
2025-12-28 22:26:30,118 - INFO - Input: G:\My Drive\Arczenrick\IEEE\2025\December\20251228\haritha\66672-11315051-NU\66672-11315051-NU_11315057
2025-12-28 22:26:30,119 - INFO - Meta:  G:\My Drive\Arczenrick\IEEE\2025\December\20251228\haritha\66672-11315051-NU\66672-11315051-NU_11315057\Meta
2025-12-28 22:26:30,120 - INFO - 
======================================================================
2025-12-28 22:26:30,122 - INFO - PHASE 3: INPUT FOLDER PATHS
2025-12-28 22:26:30,122 - INFO - ======================================================================
2025-12-28 22:26:31,124 - INFO - 
[3.1] Finding edit fields...
2025-12-28 22:26:31,418 - INFO - Found 2 Edit field(s)
2025-12-28 22:26:31,419 - INFO - ✓ Using fields by position
2025-12-28 22:26:31,419 - INFO - 
[3.2] Entering Input Folder path...
2025-12-28 22:26:31,419 - INFO -   Path: G:\My Drive\Arczenrick\IEEE\2025\December\20251228\haritha\66672-11315051-NU\66672-11315051-NU_11315057
2025-12-28 22:26:33,106 - INFO - ✓ Entered input folder path
2025-12-28 22:26:33,607 - INFO - 
[3.3] Entering Meta Folder path...
2025-12-28 22:26:33,608 - INFO -   Path: G:\My Drive\Arczenrick\IEEE\2025\December\20251228\haritha\66672-11315051-NU\66672-11315051-NU_11315057\Meta
2025-12-28 22:26:35,356 - INFO - ✓ Entered meta folder path
2025-12-28 22:26:35,857 - INFO - ✓ All paths entered successfully
2025-12-28 22:26:35,858 - INFO - 
======================================================================
2025-12-28 22:26:35,859 - INFO - PHASE 4: CLICK PROCESS BUTTON
2025-12-28 22:26:35,860 - INFO - ======================================================================
2025-12-28 22:26:35,861 - INFO - 
[4.1] Looking for 'Process' button...
2025-12-28 22:26:36,137 - INFO - Found 4 button(s)
2025-12-28 22:26:36,140 - INFO - ✓ Found 'Process' button
2025-12-28 22:26:36,141 - INFO - Clicking Process button...
2025-12-28 22:26:36,257 - INFO - ✓ Process button clicked
2025-12-28 22:26:37,258 - INFO - 
[4.2] Waiting for OK button popup...
2025-12-28 22:26:50,765 - INFO - ✓ OK button found by name! (after 0.0s)
2025-12-28 22:26:50,767 - INFO - ✓ Clicked OK button
2025-12-28 22:26:53,769 - INFO - 
[4.3] Moving Meta folder to Appout/UniqueID...
2025-12-28 22:26:53,774 - INFO - ✓ Found Meta folder in input: G:\My Drive\Arczenrick\IEEE\2025\December\20251228\haritha\66672-11315051-NU\66672-11315051-NU_11315057\Meta
2025-12-28 22:26:53,780 - INFO - ✓ Found Appout folder
2025-12-28 22:26:53,786 - INFO - ✓ Found unique ID folder: 66672_11315057
2025-12-28 22:26:53,801 - INFO - ✓ Moved Meta folder to unique ID folder
2025-12-28 22:26:53,802 - INFO -   From: G:\My Drive\Arczenrick\IEEE\2025\December\20251228\haritha\66672-11315051-NU\66672-11315051-NU_11315057\Meta
2025-12-28 22:26:53,803 - INFO -   To:   G:\My Drive\Arczenrick\IEEE\2025\December\20251228\haritha\66672-11315051-NU\66672-11315051-NU_11315057\Appout\66672_11315057\Meta
2025-12-28 22:26:53,804 - INFO - ✓ 66672-11315051-NU_11315057 processed successfully
2025-12-28 22:26:53,804 - INFO - 
Waiting 2 seconds before next item...
2025-12-28 22:26:55,805 - INFO - 
██████████████████████████████████████████████████████████████████████
2025-12-28 22:26:55,820 - INFO - PROCESSING ITEM 5/26
2025-12-28 22:26:55,832 - INFO - ██████████████████████████████████████████████████████████████████████
2025-12-28 22:26:55,833 - INFO - 
Item: 66672-11315051-NU_11315061
2025-12-28 22:26:55,834 - INFO - Input: G:\My Drive\Arczenrick\IEEE\2025\December\20251228\haritha\66672-11315051-NU\66672-11315051-NU_11315061
2025-12-28 22:26:55,834 - INFO - Meta:  G:\My Drive\Arczenrick\IEEE\2025\December\20251228\haritha\66672-11315051-NU\66672-11315051-NU_11315061\Meta
2025-12-28 22:26:55,836 - INFO - 
======================================================================
2025-12-28 22:26:55,836 - INFO - PHASE 3: INPUT FOLDER PATHS
2025-12-28 22:26:55,838 - INFO - ======================================================================
2025-12-28 22:26:56,840 - INFO - 
[3.1] Finding edit fields...
2025-12-28 22:26:57,102 - INFO - Found 2 Edit field(s)
2025-12-28 22:26:57,103 - INFO - ✓ Using fields by position
2025-12-28 22:26:57,103 - INFO - 
[3.2] Entering Input Folder path...
2025-12-28 22:26:57,103 - INFO -   Path: G:\My Drive\Arczenrick\IEEE\2025\December\20251228\haritha\66672-11315051-NU\66672-11315051-NU_11315061
2025-12-28 22:26:58,795 - INFO - ✓ Entered input folder path
2025-12-28 22:26:59,296 - INFO - 
[3.3] Entering Meta Folder path...
2025-12-28 22:26:59,297 - INFO -   Path: G:\My Drive\Arczenrick\IEEE\2025\December\20251228\haritha\66672-11315051-NU\66672-11315051-NU_11315061\Meta
2025-12-28 22:27:01,056 - INFO - ✓ Entered meta folder path
2025-12-28 22:27:01,556 - INFO - ✓ All paths entered successfully
2025-12-28 22:27:01,560 - INFO - 
======================================================================
2025-12-28 22:27:01,561 - INFO - PHASE 4: CLICK PROCESS BUTTON
2025-12-28 22:27:01,563 - INFO - ======================================================================
2025-12-28 22:27:01,564 - INFO - 
[4.1] Looking for 'Process' button...
2025-12-28 22:27:01,859 - INFO - Found 4 button(s)
2025-12-28 22:27:01,862 - INFO - ✓ Found 'Process' button
2025-12-28 22:27:01,862 - INFO - Clicking Process button...
2025-12-28 22:27:01,983 - INFO - ✓ Process button clicked
2025-12-28 22:27:02,984 - INFO - 
[4.2] Waiting for OK button popup...
2025-12-28 22:27:16,079 - INFO - ✓ OK button found by name! (after 0.0s)
2025-12-28 22:27:16,081 - INFO - ✓ Clicked OK button
2025-12-28 22:27:19,083 - INFO - 
[4.3] Moving Meta folder to Appout/UniqueID...
2025-12-28 22:27:19,086 - INFO - ✓ Found Meta folder in input: G:\My Drive\Arczenrick\IEEE\2025\December\20251228\haritha\66672-11315051-NU\66672-11315051-NU_11315061\Meta
2025-12-28 22:27:19,089 - INFO - ✓ Found Appout folder
2025-12-28 22:27:19,108 - INFO - ✓ Found unique ID folder: 66672_11315061
2025-12-28 22:27:19,119 - INFO - ✓ Moved Meta folder to unique ID folder
2025-12-28 22:27:19,122 - INFO -   From: G:\My Drive\Arczenrick\IEEE\2025\December\20251228\haritha\66672-11315051-NU\66672-11315051-NU_11315061\Meta
2025-12-28 22:27:19,124 - INFO -   To:   G:\My Drive\Arczenrick\IEEE\2025\December\20251228\haritha\66672-11315051-NU\66672-11315051-NU_11315061\Appout\66672_11315061\Meta
2025-12-28 22:27:19,126 - INFO - ✓ 66672-11315051-NU_11315061 processed successfully
2025-12-28 22:27:19,126 - INFO - 
Waiting 2 seconds before next item...
2025-12-28 22:27:21,130 - INFO - 
██████████████████████████████████████████████████████████████████████
2025-12-28 22:27:21,141 - INFO - PROCESSING ITEM 6/26
2025-12-28 22:27:21,142 - INFO - ██████████████████████████████████████████████████████████████████████
2025-12-28 22:27:21,142 - INFO - 
Item: 66672-11315051-NU_11315064
2025-12-28 22:27:21,143 - INFO - Input: G:\My Drive\Arczenrick\IEEE\2025\December\20251228\haritha\66672-11315051-NU\66672-11315051-NU_11315064
2025-12-28 22:27:21,144 - INFO - Meta:  G:\My Drive\Arczenrick\IEEE\2025\December\20251228\haritha\66672-11315051-NU\66672-11315051-NU_11315064\Meta
2025-12-28 22:27:21,151 - INFO - 
======================================================================
2025-12-28 22:27:21,157 - INFO - PHASE 3: INPUT FOLDER PATHS
2025-12-28 22:27:21,157 - INFO - ======================================================================
2025-12-28 22:27:22,159 - INFO - 
[3.1] Finding edit fields...
2025-12-28 22:27:22,407 - INFO - Found 2 Edit field(s)
2025-12-28 22:27:22,408 - INFO - ✓ Using fields by position
2025-12-28 22:27:22,408 - INFO - 
[3.2] Entering Input Folder path...
2025-12-28 22:27:22,409 - INFO -   Path: G:\My Drive\Arczenrick\IEEE\2025\December\20251228\haritha\66672-11315051-NU\66672-11315051-NU_11315064
2025-12-28 22:27:24,114 - INFO - ✓ Entered input folder path
2025-12-28 22:27:24,615 - INFO - 
[3.3] Entering Meta Folder path...
2025-12-28 22:27:24,616 - INFO -   Path: G:\My Drive\Arczenrick\IEEE\2025\December\20251228\haritha\66672-11315051-NU\66672-11315051-NU_11315064\Meta
2025-12-28 22:27:26,364 - INFO - ✓ Entered meta folder path
2025-12-28 22:27:26,865 - INFO - ✓ All paths entered successfully
2025-12-28 22:27:26,866 - INFO - 
======================================================================
2025-12-28 22:27:26,867 - INFO - PHASE 4: CLICK PROCESS BUTTON
2025-12-28 22:27:26,870 - INFO - ======================================================================
2025-12-28 22:27:26,871 - INFO - 
[4.1] Looking for 'Process' button...
2025-12-28 22:27:27,164 - INFO - Found 4 button(s)
2025-12-28 22:27:27,169 - INFO - ✓ Found 'Process' button
2025-12-28 22:27:27,170 - INFO - Clicking Process button...
2025-12-28 22:27:27,295 - INFO - ✓ Process button clicked
2025-12-28 22:27:28,297 - INFO - 
[4.2] Waiting for OK button popup...
2025-12-28 22:27:40,484 - INFO - ✓ OK button found by name! (after 0.0s)
2025-12-28 22:27:40,486 - INFO - ✓ Clicked OK button
2025-12-28 22:27:43,487 - INFO - 
[4.3] Moving Meta folder to Appout/UniqueID...
2025-12-28 22:27:43,494 - INFO - ✓ Found Meta folder in input: G:\My Drive\Arczenrick\IEEE\2025\December\20251228\haritha\66672-11315051-NU\66672-11315051-NU_11315064\Meta
2025-12-28 22:27:43,501 - INFO - ✓ Found Appout folder
2025-12-28 22:27:43,512 - INFO - ✓ Found unique ID folder: 66672_11315064
2025-12-28 22:27:43,536 - INFO - ✓ Moved Meta folder to unique ID folder
2025-12-28 22:27:43,537 - INFO -   From: G:\My Drive\Arczenrick\IEEE\2025\December\20251228\haritha\66672-11315051-NU\66672-11315051-NU_11315064\Meta
2025-12-28 22:27:43,537 - INFO -   To:   G:\My Drive\Arczenrick\IEEE\2025\December\20251228\haritha\66672-11315051-NU\66672-11315051-NU_11315064\Appout\66672_11315064\Meta
2025-12-28 22:27:43,539 - INFO - ✓ 66672-11315051-NU_11315064 processed successfully
2025-12-28 22:27:43,539 - INFO - 
Waiting 2 seconds before next item...
2025-12-28 22:27:45,540 - INFO - 
██████████████████████████████████████████████████████████████████████
2025-12-28 22:27:45,540 - INFO - PROCESSING ITEM 7/26
2025-12-28 22:27:45,541 - INFO - ██████████████████████████████████████████████████████████████████████
2025-12-28 22:27:45,541 - INFO - 
Item: 66672-11315051-NU_11315070
2025-12-28 22:27:45,542 - INFO - Input: G:\My Drive\Arczenrick\IEEE\2025\December\20251228\haritha\66672-11315051-NU\66672-11315051-NU_11315070
2025-12-28 22:27:45,542 - INFO - Meta:  G:\My Drive\Arczenrick\IEEE\2025\December\20251228\haritha\66672-11315051-NU\66672-11315051-NU_11315070\Meta
2025-12-28 22:27:45,543 - INFO - 
======================================================================
2025-12-28 22:27:45,543 - INFO - PHASE 3: INPUT FOLDER PATHS
2025-12-28 22:27:45,543 - INFO - ======================================================================
2025-12-28 22:27:46,545 - INFO - 
[3.1] Finding edit fields...
2025-12-28 22:27:46,799 - INFO - Found 2 Edit field(s)
2025-12-28 22:27:46,800 - INFO - ✓ Using fields by position
2025-12-28 22:27:46,801 - INFO - 
[3.2] Entering Input Folder path...
2025-12-28 22:27:46,801 - INFO -   Path: G:\My Drive\Arczenrick\IEEE\2025\December\20251228\haritha\66672-11315051-NU\66672-11315051-NU_11315070
2025-12-28 22:27:48,491 - INFO - ✓ Entered input folder path
2025-12-28 22:27:48,992 - INFO - 
[3.3] Entering Meta Folder path...
2025-12-28 22:27:48,993 - INFO -   Path: G:\My Drive\Arczenrick\IEEE\2025\December\20251228\haritha\66672-11315051-NU\66672-11315051-NU_11315070\Meta
2025-12-28 22:27:50,728 - INFO - ✓ Entered meta folder path
2025-12-28 22:27:51,229 - INFO - ✓ All paths entered successfully
2025-12-28 22:27:51,230 - INFO - 
======================================================================
2025-12-28 22:27:51,230 - INFO - PHASE 4: CLICK PROCESS BUTTON
2025-12-28 22:27:51,231 - INFO - ======================================================================
2025-12-28 22:27:51,231 - INFO - 
[4.1] Looking for 'Process' button...
2025-12-28 22:27:51,475 - INFO - Found 4 button(s)
2025-12-28 22:27:51,479 - INFO - ✓ Found 'Process' button
2025-12-28 22:27:51,479 - INFO - Clicking Process button...
2025-12-28 22:27:51,586 - INFO - ✓ Process button clicked
2025-12-28 22:27:52,587 - INFO - 
[4.2] Waiting for OK button popup...
2025-12-28 22:28:04,535 - INFO - ✓ OK button found by name! (after 0.0s)
2025-12-28 22:28:04,537 - INFO - ✓ Clicked OK button
2025-12-28 22:28:07,538 - INFO - 
[4.3] Moving Meta folder to Appout/UniqueID...
2025-12-28 22:28:07,544 - INFO - ✓ Found Meta folder in input: G:\My Drive\Arczenrick\IEEE\2025\December\20251228\haritha\66672-11315051-NU\66672-11315051-NU_11315070\Meta
2025-12-28 22:28:07,549 - INFO - ✓ Found Appout folder
2025-12-28 22:28:07,557 - INFO - ✓ Found unique ID folder: 66672_11315070
2025-12-28 22:28:07,580 - INFO - ✓ Moved Meta folder to unique ID folder
2025-12-28 22:28:07,581 - INFO -   From: G:\My Drive\Arczenrick\IEEE\2025\December\20251228\haritha\66672-11315051-NU\66672-11315051-NU_11315070\Meta
2025-12-28 22:28:07,582 - INFO -   To:   G:\My Drive\Arczenrick\IEEE\2025\December\20251228\haritha\66672-11315051-NU\66672-11315051-NU_11315070\Appout\66672_11315070\Meta
2025-12-28 22:28:07,583 - INFO - ✓ 66672-11315051-NU_11315070 processed successfully
2025-12-28 22:28:07,584 - INFO - 
Waiting 2 seconds before next item...
2025-12-28 22:28:09,594 - INFO - 
██████████████████████████████████████████████████████████████████████
2025-12-28 22:28:09,597 - INFO - PROCESSING ITEM 8/26
2025-12-28 22:28:09,599 - INFO - ██████████████████████████████████████████████████████████████████████
2025-12-28 22:28:09,599 - INFO - 
Item: 66672-11315051-NU_11315074
2025-12-28 22:28:09,601 - INFO - Input: G:\My Drive\Arczenrick\IEEE\2025\December\20251228\haritha\66672-11315051-NU\66672-11315051-NU_11315074
2025-12-28 22:28:09,602 - INFO - Meta:  G:\My Drive\Arczenrick\IEEE\2025\December\20251228\haritha\66672-11315051-NU\66672-11315051-NU_11315074\Meta
2025-12-28 22:28:09,603 - INFO - 
======================================================================
2025-12-28 22:28:09,604 - INFO - PHASE 3: INPUT FOLDER PATHS
2025-12-28 22:28:09,605 - INFO - ======================================================================
2025-12-28 22:28:10,609 - INFO - 
[3.1] Finding edit fields...
2025-12-28 22:28:10,862 - INFO - Found 2 Edit field(s)
2025-12-28 22:28:10,863 - INFO - ✓ Using fields by position
2025-12-28 22:28:10,863 - INFO - 
[3.2] Entering Input Folder path...
2025-12-28 22:28:10,863 - INFO -   Path: G:\My Drive\Arczenrick\IEEE\2025\December\20251228\haritha\66672-11315051-NU\66672-11315051-NU_11315074
2025-12-28 22:28:12,575 - INFO - ✓ Entered input folder path
2025-12-28 22:28:13,076 - INFO - 
[3.3] Entering Meta Folder path...
2025-12-28 22:28:13,077 - INFO -   Path: G:\My Drive\Arczenrick\IEEE\2025\December\20251228\haritha\66672-11315051-NU\66672-11315051-NU_11315074\Meta
2025-12-28 22:28:14,827 - INFO - ✓ Entered meta folder path
2025-12-28 22:28:15,329 - INFO - ✓ All paths entered successfully
2025-12-28 22:28:15,330 - INFO - 
======================================================================
2025-12-28 22:28:15,331 - INFO - PHASE 4: CLICK PROCESS BUTTON
2025-12-28 22:28:15,332 - INFO - ======================================================================
2025-12-28 22:28:15,333 - INFO - 
[4.1] Looking for 'Process' button...
2025-12-28 22:28:15,610 - INFO - Found 4 button(s)
2025-12-28 22:28:15,613 - INFO - ✓ Found 'Process' button
2025-12-28 22:28:15,614 - INFO - Clicking Process button...
2025-12-28 22:28:15,731 - INFO - ✓ Process button clicked
2025-12-28 22:28:16,733 - INFO - 
[4.2] Waiting for OK button popup...
2025-12-28 22:28:28,653 - INFO - ✓ OK button found by name! (after 0.0s)
2025-12-28 22:28:28,655 - INFO - ✓ Clicked OK button
2025-12-28 22:28:31,657 - INFO - 
[4.3] Moving Meta folder to Appout/UniqueID...
2025-12-28 22:28:31,660 - INFO - ✓ Found Meta folder in input: G:\My Drive\Arczenrick\IEEE\2025\December\20251228\haritha\66672-11315051-NU\66672-11315051-NU_11315074\Meta
2025-12-28 22:28:31,662 - INFO - ✓ Found Appout folder
2025-12-28 22:28:31,667 - INFO - ✓ Found unique ID folder: 66672_11315074
2025-12-28 22:28:31,680 - INFO - ✓ Moved Meta folder to unique ID folder
2025-12-28 22:28:31,681 - INFO -   From: G:\My Drive\Arczenrick\IEEE\2025\December\20251228\haritha\66672-11315051-NU\66672-11315051-NU_11315074\Meta
2025-12-28 22:28:31,683 - INFO -   To:   G:\My Drive\Arczenrick\IEEE\2025\December\20251228\haritha\66672-11315051-NU\66672-11315051-NU_11315074\Appout\66672_11315074\Meta
2025-12-28 22:28:31,684 - INFO - ✓ 66672-11315051-NU_11315074 processed successfully
2025-12-28 22:28:31,684 - INFO - 
Waiting 2 seconds before next item...
2025-12-28 22:28:33,685 - INFO - 
██████████████████████████████████████████████████████████████████████
2025-12-28 22:28:33,688 - INFO - PROCESSING ITEM 9/26
2025-12-28 22:28:33,688 - INFO - ██████████████████████████████████████████████████████████████████████
2025-12-28 22:28:33,689 - INFO - 
Item: 66672-11315051-NU_11315093
2025-12-28 22:28:33,689 - INFO - Input: G:\My Drive\Arczenrick\IEEE\2025\December\20251228\haritha\66672-11315051-NU\66672-11315051-NU_11315093
2025-12-28 22:28:33,690 - INFO - Meta:  G:\My Drive\Arczenrick\IEEE\2025\December\20251228\haritha\66672-11315051-NU\66672-11315051-NU_11315093\Meta
2025-12-28 22:28:33,691 - INFO - 
======================================================================
2025-12-28 22:28:33,692 - INFO - PHASE 3: INPUT FOLDER PATHS
2025-12-28 22:28:33,692 - INFO - ======================================================================
2025-12-28 22:28:34,693 - INFO - 
[3.1] Finding edit fields...
2025-12-28 22:28:34,955 - INFO - Found 2 Edit field(s)
2025-12-28 22:28:34,956 - INFO - ✓ Using fields by position
2025-12-28 22:28:34,956 - INFO - 
[3.2] Entering Input Folder path...
2025-12-28 22:28:34,957 - INFO -   Path: G:\My Drive\Arczenrick\IEEE\2025\December\20251228\haritha\66672-11315051-NU\66672-11315051-NU_11315093
2025-12-28 22:28:36,662 - INFO - ✓ Entered input folder path
2025-12-28 22:28:37,163 - INFO - 
[3.3] Entering Meta Folder path...
2025-12-28 22:28:37,164 - INFO -   Path: G:\My Drive\Arczenrick\IEEE\2025\December\20251228\haritha\66672-11315051-NU\66672-11315051-NU_11315093\Meta
2025-12-28 22:28:38,935 - INFO - ✓ Entered meta folder path
2025-12-28 22:28:39,446 - INFO - ✓ All paths entered successfully
2025-12-28 22:28:39,447 - INFO - 
======================================================================
2025-12-28 22:28:39,448 - INFO - PHASE 4: CLICK PROCESS BUTTON
2025-12-28 22:28:39,449 - INFO - ======================================================================
2025-12-28 22:28:39,450 - INFO - 
[4.1] Looking for 'Process' button...
2025-12-28 22:28:39,732 - INFO - Found 4 button(s)
2025-12-28 22:28:39,737 - INFO - ✓ Found 'Process' button
2025-12-28 22:28:39,737 - INFO - Clicking Process button...
2025-12-28 22:28:39,860 - INFO - ✓ Process button clicked
2025-12-28 22:28:40,860 - INFO - 
[4.2] Waiting for OK button popup...
2025-12-28 22:28:52,671 - INFO - ✓ OK button found by name! (after 0.0s)
2025-12-28 22:28:52,673 - INFO - ✓ Clicked OK button
2025-12-28 22:28:55,675 - INFO - 
[4.3] Moving Meta folder to Appout/UniqueID...
2025-12-28 22:28:55,680 - INFO - ✓ Found Meta folder in input: G:\My Drive\Arczenrick\IEEE\2025\December\20251228\haritha\66672-11315051-NU\66672-11315051-NU_11315093\Meta
2025-12-28 22:28:55,686 - INFO - ✓ Found Appout folder
2025-12-28 22:28:55,697 - INFO - ✓ Found unique ID folder: 66672_11315093
2025-12-28 22:28:55,718 - INFO - ✓ Moved Meta folder to unique ID folder
2025-12-28 22:28:55,721 - INFO -   From: G:\My Drive\Arczenrick\IEEE\2025\December\20251228\haritha\66672-11315051-NU\66672-11315051-NU_11315093\Meta
2025-12-28 22:28:55,722 - INFO -   To:   G:\My Drive\Arczenrick\IEEE\2025\December\20251228\haritha\66672-11315051-NU\66672-11315051-NU_11315093\Appout\66672_11315093\Meta
2025-12-28 22:28:55,727 - INFO - ✓ 66672-11315051-NU_11315093 processed successfully
2025-12-28 22:28:55,728 - INFO - 
Waiting 2 seconds before next item...
2025-12-28 22:28:57,732 - INFO - 
██████████████████████████████████████████████████████████████████████
2025-12-28 22:28:57,733 - INFO - PROCESSING ITEM 10/26
2025-12-28 22:28:57,734 - INFO - ██████████████████████████████████████████████████████████████████████
2025-12-28 22:28:57,735 - INFO - 
Item: 66672-11315051-NU_11315096
2025-12-28 22:28:57,735 - INFO - Input: G:\My Drive\Arczenrick\IEEE\2025\December\20251228\haritha\66672-11315051-NU\66672-11315051-NU_11315096
2025-12-28 22:28:57,736 - INFO - Meta:  G:\My Drive\Arczenrick\IEEE\2025\December\20251228\haritha\66672-11315051-NU\66672-11315051-NU_11315096\Meta
2025-12-28 22:28:57,738 - INFO - 
======================================================================
2025-12-28 22:28:57,739 - INFO - PHASE 3: INPUT FOLDER PATHS
2025-12-28 22:28:57,740 - INFO - ======================================================================
2025-12-28 22:28:58,742 - INFO - 
[3.1] Finding edit fields...
2025-12-28 22:28:58,999 - INFO - Found 2 Edit field(s)
2025-12-28 22:28:59,000 - INFO - ✓ Using fields by position
2025-12-28 22:28:59,001 - INFO - 
[3.2] Entering Input Folder path...
2025-12-28 22:28:59,001 - INFO -   Path: G:\My Drive\Arczenrick\IEEE\2025\December\20251228\haritha\66672-11315051-NU\66672-11315051-NU_11315096
2025-12-28 22:29:00,705 - INFO - ✓ Entered input folder path
2025-12-28 22:29:01,206 - INFO - 
[3.3] Entering Meta Folder path...
2025-12-28 22:29:01,207 - INFO -   Path: G:\My Drive\Arczenrick\IEEE\2025\December\20251228\haritha\66672-11315051-NU\66672-11315051-NU_11315096\Meta
2025-12-28 22:29:02,958 - INFO - ✓ Entered meta folder path
2025-12-28 22:29:03,459 - INFO - ✓ All paths entered successfully
2025-12-28 22:29:03,459 - INFO - 
======================================================================
2025-12-28 22:29:03,460 - INFO - PHASE 4: CLICK PROCESS BUTTON
2025-12-28 22:29:03,461 - INFO - ======================================================================
2025-12-28 22:29:03,463 - INFO - 
[4.1] Looking for 'Process' button...
2025-12-28 22:29:03,759 - INFO - Found 4 button(s)
2025-12-28 22:29:03,763 - INFO - ✓ Found 'Process' button
2025-12-28 22:29:03,764 - INFO - Clicking Process button...
2025-12-28 22:29:03,888 - INFO - ✓ Process button clicked
2025-12-28 22:29:04,890 - INFO - 
[4.2] Waiting for OK button popup...
2025-12-28 22:29:16,217 - INFO - ✓ OK button found by name! (after 0.0s)
2025-12-28 22:29:16,219 - INFO - ✓ Clicked OK button
2025-12-28 22:29:19,221 - INFO - 
[4.3] Moving Meta folder to Appout/UniqueID...
2025-12-28 22:29:19,229 - INFO - ✓ Found Meta folder in input: G:\My Drive\Arczenrick\IEEE\2025\December\20251228\haritha\66672-11315051-NU\66672-11315051-NU_11315096\Meta
2025-12-28 22:29:19,234 - INFO - ✓ Found Appout folder
2025-12-28 22:29:19,245 - INFO - ✓ Found unique ID folder: 66672_11315096
2025-12-28 22:29:19,262 - INFO - ✓ Moved Meta folder to unique ID folder
2025-12-28 22:29:19,268 - INFO -   From: G:\My Drive\Arczenrick\IEEE\2025\December\20251228\haritha\66672-11315051-NU\66672-11315051-NU_11315096\Meta
2025-12-28 22:29:19,269 - INFO -   To:   G:\My Drive\Arczenrick\IEEE\2025\December\20251228\haritha\66672-11315051-NU\66672-11315051-NU_11315096\Appout\66672_11315096\Meta
2025-12-28 22:29:19,270 - INFO - ✓ 66672-11315051-NU_11315096 processed successfully
2025-12-28 22:29:19,270 - INFO - 
Waiting 2 seconds before next item...
2025-12-28 22:29:21,271 - INFO - 
██████████████████████████████████████████████████████████████████████
2025-12-28 22:29:21,272 - INFO - PROCESSING ITEM 11/26
2025-12-28 22:29:21,273 - INFO - ██████████████████████████████████████████████████████████████████████
2025-12-28 22:29:21,274 - INFO - 
Item: 66672-11315051-NU_11315062
2025-12-28 22:29:21,276 - INFO - Input: G:\My Drive\Arczenrick\IEEE\2025\December\20251228\Jithendra\66672-11315051-NU\66672-11315051-NU_11315062
2025-12-28 22:29:21,277 - INFO - Meta:  G:\My Drive\Arczenrick\IEEE\2025\December\20251228\Jithendra\66672-11315051-NU\66672-11315051-NU_11315062\Meta
2025-12-28 22:29:21,279 - INFO - 
======================================================================
2025-12-28 22:29:21,280 - INFO - PHASE 3: INPUT FOLDER PATHS
2025-12-28 22:29:21,281 - INFO - ======================================================================
2025-12-28 22:29:22,282 - INFO - 
[3.1] Finding edit fields...
2025-12-28 22:29:22,569 - INFO - Found 2 Edit field(s)
2025-12-28 22:29:22,570 - INFO - ✓ Using fields by position
2025-12-28 22:29:22,570 - INFO - 
[3.2] Entering Input Folder path...
2025-12-28 22:29:22,570 - INFO -   Path: G:\My Drive\Arczenrick\IEEE\2025\December\20251228\Jithendra\66672-11315051-NU\66672-11315051-NU_11315062
2025-12-28 22:29:24,286 - INFO - ✓ Entered input folder path
2025-12-28 22:29:24,787 - INFO - 
[3.3] Entering Meta Folder path...
2025-12-28 22:29:24,788 - INFO -   Path: G:\My Drive\Arczenrick\IEEE\2025\December\20251228\Jithendra\66672-11315051-NU\66672-11315051-NU_11315062\Meta
2025-12-28 22:29:26,555 - INFO - ✓ Entered meta folder path
2025-12-28 22:29:27,056 - INFO - ✓ All paths entered successfully
2025-12-28 22:29:27,057 - INFO - 
======================================================================
2025-12-28 22:29:27,058 - INFO - PHASE 4: CLICK PROCESS BUTTON
2025-12-28 22:29:27,059 - INFO - ======================================================================
2025-12-28 22:29:27,059 - INFO - 
[4.1] Looking for 'Process' button...
2025-12-28 22:29:27,325 - INFO - Found 4 button(s)
2025-12-28 22:29:27,328 - INFO - ✓ Found 'Process' button
2025-12-28 22:29:27,328 - INFO - Clicking Process button...
2025-12-28 22:29:27,447 - INFO - ✓ Process button clicked
2025-12-28 22:29:28,448 - INFO - 
[4.2] Waiting for OK button popup...
2025-12-28 22:29:39,677 - INFO - ✓ OK button found by name! (after 0.0s)
2025-12-28 22:29:39,679 - INFO - ✓ Clicked OK button
2025-12-28 22:29:42,681 - INFO - 
[4.3] Moving Meta folder to Appout/UniqueID...
2025-12-28 22:29:42,683 - INFO - ✓ Found Meta folder in input: G:\My Drive\Arczenrick\IEEE\2025\December\20251228\Jithendra\66672-11315051-NU\66672-11315051-NU_11315062\Meta
2025-12-28 22:29:42,684 - INFO - ✓ Found Appout folder
2025-12-28 22:29:42,687 - INFO - ✓ Found unique ID folder: 66672_11315062
2025-12-28 22:29:42,695 - INFO - ✓ Moved Meta folder to unique ID folder
2025-12-28 22:29:42,697 - INFO -   From: G:\My Drive\Arczenrick\IEEE\2025\December\20251228\Jithendra\66672-11315051-NU\66672-11315051-NU_11315062\Meta
2025-12-28 22:29:42,698 - INFO -   To:   G:\My Drive\Arczenrick\IEEE\2025\December\20251228\Jithendra\66672-11315051-NU\66672-11315051-NU_11315062\Appout\66672_11315062\Meta
2025-12-28 22:29:42,698 - INFO - ✓ 66672-11315051-NU_11315062 processed successfully
2025-12-28 22:29:42,699 - INFO - 
Waiting 2 seconds before next item...
2025-12-28 22:29:44,700 - INFO - 
██████████████████████████████████████████████████████████████████████
2025-12-28 22:29:44,705 - INFO - PROCESSING ITEM 12/26
2025-12-28 22:29:44,706 - INFO - ██████████████████████████████████████████████████████████████████████
2025-12-28 22:29:44,709 - INFO - 
Item: 66672-11315051-NU_11315069
2025-12-28 22:29:44,711 - INFO - Input: G:\My Drive\Arczenrick\IEEE\2025\December\20251228\Jithendra\66672-11315051-NU\66672-11315051-NU_11315069
2025-12-28 22:29:44,717 - INFO - Meta:  G:\My Drive\Arczenrick\IEEE\2025\December\20251228\Jithendra\66672-11315051-NU\66672-11315051-NU_11315069\Meta
2025-12-28 22:29:44,725 - INFO - 
======================================================================
2025-12-28 22:29:44,726 - INFO - PHASE 3: INPUT FOLDER PATHS
2025-12-28 22:29:44,728 - INFO - ======================================================================
2025-12-28 22:29:45,728 - INFO - 
[3.1] Finding edit fields...
2025-12-28 22:29:46,010 - INFO - Found 2 Edit field(s)
2025-12-28 22:29:46,012 - INFO - ✓ Using fields by position
2025-12-28 22:29:46,012 - INFO - 
[3.2] Entering Input Folder path...
2025-12-28 22:29:46,012 - INFO -   Path: G:\My Drive\Arczenrick\IEEE\2025\December\20251228\Jithendra\66672-11315051-NU\66672-11315051-NU_11315069
2025-12-28 22:29:47,733 - INFO - ✓ Entered input folder path
2025-12-28 22:29:48,234 - INFO - 
[3.3] Entering Meta Folder path...
2025-12-28 22:29:48,238 - INFO -   Path: G:\My Drive\Arczenrick\IEEE\2025\December\20251228\Jithendra\66672-11315051-NU\66672-11315051-NU_11315069\Meta
2025-12-28 22:29:50,016 - INFO - ✓ Entered meta folder path
2025-12-28 22:29:50,517 - INFO - ✓ All paths entered successfully
2025-12-28 22:29:50,520 - INFO - 
======================================================================
2025-12-28 22:29:50,521 - INFO - PHASE 4: CLICK PROCESS BUTTON
2025-12-28 22:29:50,523 - INFO - ======================================================================
2025-12-28 22:29:50,524 - INFO - 
[4.1] Looking for 'Process' button...
2025-12-28 22:29:50,800 - INFO - Found 4 button(s)
2025-12-28 22:29:50,805 - INFO - ✓ Found 'Process' button
2025-12-28 22:29:50,805 - INFO - Clicking Process button...
2025-12-28 22:29:50,926 - INFO - ✓ Process button clicked
2025-12-28 22:29:51,927 - INFO - 
[4.2] Waiting for OK button popup...
2025-12-28 22:30:04,605 - INFO - ✓ OK button found by name! (after 0.0s)
2025-12-28 22:30:04,607 - INFO - ✓ Clicked OK button
2025-12-28 22:30:07,609 - INFO - 
[4.3] Moving Meta folder to Appout/UniqueID...
2025-12-28 22:30:07,611 - INFO - ✓ Found Meta folder in input: G:\My Drive\Arczenrick\IEEE\2025\December\20251228\Jithendra\66672-11315051-NU\66672-11315051-NU_11315069\Meta
2025-12-28 22:30:07,612 - INFO - ✓ Found Appout folder
2025-12-28 22:30:07,616 - INFO - ✓ Found unique ID folder: 66672_11315069
2025-12-28 22:30:07,625 - INFO - ✓ Moved Meta folder to unique ID folder
2025-12-28 22:30:07,626 - INFO -   From: G:\My Drive\Arczenrick\IEEE\2025\December\20251228\Jithendra\66672-11315051-NU\66672-11315051-NU_11315069\Meta
2025-12-28 22:30:07,626 - INFO -   To:   G:\My Drive\Arczenrick\IEEE\2025\December\20251228\Jithendra\66672-11315051-NU\66672-11315051-NU_11315069\Appout\66672_11315069\Meta
2025-12-28 22:30:07,627 - INFO - ✓ 66672-11315051-NU_11315069 processed successfully
2025-12-28 22:30:07,627 - INFO - 
Waiting 2 seconds before next item...
2025-12-28 22:30:09,628 - INFO - 
██████████████████████████████████████████████████████████████████████
2025-12-28 22:30:09,631 - INFO - PROCESSING ITEM 13/26
2025-12-28 22:30:09,632 - INFO - ██████████████████████████████████████████████████████████████████████
2025-12-28 22:30:09,632 - INFO - 
Item: 66672-11315051-NU_11315071
2025-12-28 22:30:09,632 - INFO - Input: G:\My Drive\Arczenrick\IEEE\2025\December\20251228\Jithendra\66672-11315051-NU\66672-11315051-NU_11315071
2025-12-28 22:30:09,633 - INFO - Meta:  G:\My Drive\Arczenrick\IEEE\2025\December\20251228\Jithendra\66672-11315051-NU\66672-11315051-NU_11315071\Meta
2025-12-28 22:30:09,633 - INFO - 
======================================================================
2025-12-28 22:30:09,634 - INFO - PHASE 3: INPUT FOLDER PATHS
2025-12-28 22:30:09,634 - INFO - ======================================================================
2025-12-28 22:30:10,636 - INFO - 
[3.1] Finding edit fields...
2025-12-28 22:30:10,898 - INFO - Found 2 Edit field(s)
2025-12-28 22:30:10,899 - INFO - ✓ Using fields by position
2025-12-28 22:30:10,899 - INFO - 
[3.2] Entering Input Folder path...
2025-12-28 22:30:10,900 - INFO -   Path: G:\My Drive\Arczenrick\IEEE\2025\December\20251228\Jithendra\66672-11315051-NU\66672-11315051-NU_11315071
2025-12-28 22:30:12,621 - INFO - ✓ Entered input folder path
2025-12-28 22:30:13,122 - INFO - 
[3.3] Entering Meta Folder path...
2025-12-28 22:30:13,122 - INFO -   Path: G:\My Drive\Arczenrick\IEEE\2025\December\20251228\Jithendra\66672-11315051-NU\66672-11315051-NU_11315071\Meta
2025-12-28 22:30:14,935 - INFO - ✓ Entered meta folder path
2025-12-28 22:30:15,436 - INFO - ✓ All paths entered successfully
2025-12-28 22:30:15,439 - INFO - 
======================================================================
2025-12-28 22:30:15,441 - INFO - PHASE 4: CLICK PROCESS BUTTON
2025-12-28 22:30:15,443 - INFO - ======================================================================
2025-12-28 22:30:15,445 - INFO - 
[4.1] Looking for 'Process' button...
2025-12-28 22:30:15,814 - INFO - Found 4 button(s)
2025-12-28 22:30:15,817 - INFO - ✓ Found 'Process' button
2025-12-28 22:30:15,818 - INFO - Clicking Process button...
2025-12-28 22:30:15,936 - INFO - ✓ Process button clicked
2025-12-28 22:30:16,937 - INFO - 
[4.2] Waiting for OK button popup...
2025-12-28 22:30:28,817 - WARNING - ⚠ No OK button found within 10s
2025-12-28 22:30:28,818 - ERROR - ✗ Failed to click OK button
2025-12-28 22:30:28,819 - ERROR - ✗ Failed to process 66672-11315051-NU_11315071
2025-12-28 22:30:28,820 - INFO - 
██████████████████████████████████████████████████████████████████████
2025-12-28 22:30:28,821 - INFO - PROCESSING ITEM 14/26
2025-12-28 22:30:28,823 - INFO - ██████████████████████████████████████████████████████████████████████
2025-12-28 22:30:28,825 - INFO - 
Item: 66672-11315051-NU_11315076
2025-12-28 22:30:28,827 - INFO - Input: G:\My Drive\Arczenrick\IEEE\2025\December\20251228\Jithendra\66672-11315051-NU\66672-11315051-NU_11315076
2025-12-28 22:30:28,828 - INFO - Meta:  G:\My Drive\Arczenrick\IEEE\2025\December\20251228\Jithendra\66672-11315051-NU\66672-11315051-NU_11315076\Meta
2025-12-28 22:30:28,829 - INFO - 
======================================================================
2025-12-28 22:30:28,830 - INFO - PHASE 3: INPUT FOLDER PATHS
2025-12-28 22:30:28,832 - INFO - ======================================================================
2025-12-28 22:30:29,834 - INFO - 
[3.1] Finding edit fields...
2025-12-28 22:30:30,108 - INFO - Found 2 Edit field(s)
2025-12-28 22:30:30,109 - INFO - ✓ Using fields by position
2025-12-28 22:30:30,110 - INFO - 
[3.2] Entering Input Folder path...
2025-12-28 22:30:30,110 - INFO -   Path: G:\My Drive\Arczenrick\IEEE\2025\December\20251228\Jithendra\66672-11315051-NU\66672-11315051-NU_11315076
2025-12-28 22:30:31,835 - INFO - ✓ Entered input folder path
2025-12-28 22:30:32,336 - INFO - 
[3.3] Entering Meta Folder path...
2025-12-28 22:30:32,337 - INFO -   Path: G:\My Drive\Arczenrick\IEEE\2025\December\20251228\Jithendra\66672-11315051-NU\66672-11315051-NU_11315076\Meta
2025-12-28 22:30:34,122 - INFO - ✓ Entered meta folder path
2025-12-28 22:30:34,623 - INFO - ✓ All paths entered successfully
2025-12-28 22:30:34,624 - INFO - 
======================================================================
2025-12-28 22:30:34,625 - INFO - PHASE 4: CLICK PROCESS BUTTON
2025-12-28 22:30:34,627 - INFO - ======================================================================
2025-12-28 22:30:34,628 - INFO - 
[4.1] Looking for 'Process' button...
2025-12-28 22:30:34,913 - INFO - Found 4 button(s)
2025-12-28 22:30:34,918 - ERROR - ✗ Process button not found
2025-12-28 22:30:34,918 - ERROR - ✗ Failed to process 66672-11315051-NU_11315076
2025-12-28 22:30:34,919 - INFO - 
██████████████████████████████████████████████████████████████████████
2025-12-28 22:30:34,919 - INFO - PROCESSING ITEM 15/26
2025-12-28 22:30:34,920 - INFO - ██████████████████████████████████████████████████████████████████████
2025-12-28 22:30:34,921 - INFO - 
Item: 66672-11315051-NU_11315091
2025-12-28 22:30:34,922 - INFO - Input: G:\My Drive\Arczenrick\IEEE\2025\December\20251228\Jithendra\66672-11315051-NU\66672-11315051-NU_11315091
2025-12-28 22:30:34,922 - INFO - Meta:  G:\My Drive\Arczenrick\IEEE\2025\December\20251228\Jithendra\66672-11315051-NU\66672-11315051-NU_11315091\Meta
2025-12-28 22:30:34,924 - INFO - 
======================================================================
2025-12-28 22:30:34,926 - INFO - PHASE 3: INPUT FOLDER PATHS
2025-12-28 22:30:34,926 - INFO - ======================================================================
2025-12-28 22:30:35,928 - INFO - 
[3.1] Finding edit fields...
2025-12-28 22:30:36,208 - INFO - Found 2 Edit field(s)
2025-12-28 22:30:36,210 - INFO - ✓ Using fields by position
2025-12-28 22:30:36,210 - INFO - 
[3.2] Entering Input Folder path...
2025-12-28 22:30:36,210 - INFO -   Path: G:\My Drive\Arczenrick\IEEE\2025\December\20251228\Jithendra\66672-11315051-NU\66672-11315051-NU_11315091
2025-12-28 22:30:37,931 - INFO - ✓ Entered input folder path
2025-12-28 22:30:38,432 - INFO - 
[3.3] Entering Meta Folder path...
2025-12-28 22:30:38,433 - INFO -   Path: G:\My Drive\Arczenrick\IEEE\2025\December\20251228\Jithendra\66672-11315051-NU\66672-11315051-NU_11315091\Meta
2025-12-28 22:30:40,206 - INFO - ✓ Entered meta folder path
2025-12-28 22:30:40,708 - INFO - ✓ All paths entered successfully
2025-12-28 22:30:40,710 - INFO - 
======================================================================
2025-12-28 22:30:40,711 - INFO - PHASE 4: CLICK PROCESS BUTTON
2025-12-28 22:30:40,712 - INFO - ======================================================================
2025-12-28 22:30:40,714 - INFO - 
[4.1] Looking for 'Process' button...
2025-12-28 22:30:41,010 - INFO - Found 4 button(s)
2025-12-28 22:30:41,016 - ERROR - ✗ Process button not found
2025-12-28 22:30:41,017 - ERROR - ✗ Failed to process 66672-11315051-NU_11315091
2025-12-28 22:30:41,017 - INFO - 
██████████████████████████████████████████████████████████████████████
2025-12-28 22:30:41,018 - INFO - PROCESSING ITEM 16/26
2025-12-28 22:30:41,019 - INFO - ██████████████████████████████████████████████████████████████████████
2025-12-28 22:30:41,019 - INFO - 
Item: 66672-11315051-NU_11315095
2025-12-28 22:30:41,020 - INFO - Input: G:\My Drive\Arczenrick\IEEE\2025\December\20251228\Jithendra\66672-11315051-NU\66672-11315051-NU_11315095
2025-12-28 22:30:41,021 - INFO - Meta:  G:\My Drive\Arczenrick\IEEE\2025\December\20251228\Jithendra\66672-11315051-NU\66672-11315051-NU_11315095\Meta
2025-12-28 22:30:41,021 - INFO - 
======================================================================
2025-12-28 22:30:41,022 - INFO - PHASE 3: INPUT FOLDER PATHS
2025-12-28 22:30:41,023 - INFO - ======================================================================
2025-12-28 22:30:42,024 - INFO - 
[3.1] Finding edit fields...
2025-12-28 22:30:42,328 - INFO - Found 2 Edit field(s)
2025-12-28 22:30:42,329 - INFO - ✓ Using fields by position
2025-12-28 22:30:42,329 - INFO - 
[3.2] Entering Input Folder path...
2025-12-28 22:30:42,330 - INFO -   Path: G:\My Drive\Arczenrick\IEEE\2025\December\20251228\Jithendra\66672-11315051-NU\66672-11315051-NU_11315095
2025-12-28 22:30:44,073 - INFO - ✓ Entered input folder path
2025-12-28 22:30:44,574 - INFO - 
[3.3] Entering Meta Folder path...
2025-12-28 22:30:44,575 - INFO -   Path: G:\My Drive\Arczenrick\IEEE\2025\December\20251228\Jithendra\66672-11315051-NU\66672-11315051-NU_11315095\Meta
2025-12-28 22:30:46,370 - INFO - ✓ Entered meta folder path
2025-12-28 22:30:46,871 - INFO - ✓ All paths entered successfully
2025-12-28 22:30:46,872 - INFO - 
======================================================================
2025-12-28 22:30:46,874 - INFO - PHASE 4: CLICK PROCESS BUTTON
2025-12-28 22:30:46,875 - INFO - ======================================================================
2025-12-28 22:30:46,877 - INFO - 
[4.1] Looking for 'Process' button...
2025-12-28 22:30:47,185 - INFO - Found 4 button(s)
2025-12-28 22:30:47,190 - ERROR - ✗ Process button not found
2025-12-28 22:30:47,190 - ERROR - ✗ Failed to process 66672-11315051-NU_11315095
2025-12-28 22:30:47,191 - INFO - 
██████████████████████████████████████████████████████████████████████
2025-12-28 22:30:47,191 - INFO - PROCESSING ITEM 17/26
2025-12-28 22:30:47,192 - INFO - ██████████████████████████████████████████████████████████████████████
2025-12-28 22:30:47,192 - INFO - 
Item: 66672-11315051-NU_11315100
2025-12-28 22:30:47,193 - INFO - Input: G:\My Drive\Arczenrick\IEEE\2025\December\20251228\Jithendra\66672-11315051-NU\66672-11315051-NU_11315100
2025-12-28 22:30:47,193 - INFO - Meta:  G:\My Drive\Arczenrick\IEEE\2025\December\20251228\Jithendra\66672-11315051-NU\66672-11315051-NU_11315100\Meta
2025-12-28 22:30:47,195 - INFO - 
======================================================================
2025-12-28 22:30:47,195 - INFO - PHASE 3: INPUT FOLDER PATHS
2025-12-28 22:30:47,196 - INFO - ======================================================================
2025-12-28 22:30:48,197 - INFO - 
[3.1] Finding edit fields...
2025-12-28 22:30:48,495 - INFO - Found 2 Edit field(s)
2025-12-28 22:30:48,496 - INFO - ✓ Using fields by position
2025-12-28 22:30:48,497 - INFO - 
[3.2] Entering Input Folder path...
2025-12-28 22:30:48,497 - INFO -   Path: G:\My Drive\Arczenrick\IEEE\2025\December\20251228\Jithendra\66672-11315051-NU\66672-11315051-NU_11315100
2025-12-28 22:30:50,208 - INFO - ✓ Entered input folder path
2025-12-28 22:30:50,709 - INFO - 
[3.3] Entering Meta Folder path...
2025-12-28 22:30:50,711 - INFO -   Path: G:\My Drive\Arczenrick\IEEE\2025\December\20251228\Jithendra\66672-11315051-NU\66672-11315051-NU_11315100\Meta
2025-12-28 22:30:52,520 - INFO - ✓ Entered meta folder path
2025-12-28 22:30:53,022 - INFO - ✓ All paths entered successfully
2025-12-28 22:30:53,022 - INFO - 
======================================================================
2025-12-28 22:30:53,023 - INFO - PHASE 4: CLICK PROCESS BUTTON
2025-12-28 22:30:53,024 - INFO - ======================================================================
2025-12-28 22:30:53,024 - INFO - 
[4.1] Looking for 'Process' button...
2025-12-28 22:30:53,291 - INFO - Found 4 button(s)
2025-12-28 22:30:53,296 - ERROR - ✗ Process button not found
2025-12-28 22:30:53,296 - ERROR - ✗ Failed to process 66672-11315051-NU_11315100
2025-12-28 22:30:53,297 - INFO - 
██████████████████████████████████████████████████████████████████████
2025-12-28 22:30:53,297 - INFO - PROCESSING ITEM 18/26
2025-12-28 22:30:53,298 - INFO - ██████████████████████████████████████████████████████████████████████
2025-12-28 22:30:53,298 - INFO - 
Item: 66672-11315051-NU_11315105
2025-12-28 22:30:53,299 - INFO - Input: G:\My Drive\Arczenrick\IEEE\2025\December\20251228\Jithendra\66672-11315051-NU\66672-11315051-NU_11315105
2025-12-28 22:30:53,299 - INFO - Meta:  G:\My Drive\Arczenrick\IEEE\2025\December\20251228\Jithendra\66672-11315051-NU\66672-11315051-NU_11315105\Meta
2025-12-28 22:30:53,299 - INFO - 
======================================================================
2025-12-28 22:30:53,300 - INFO - PHASE 3: INPUT FOLDER PATHS
2025-12-28 22:30:53,301 - INFO - ======================================================================
2025-12-28 22:30:54,301 - INFO - 
[3.1] Finding edit fields...
2025-12-28 22:30:54,590 - INFO - Found 2 Edit field(s)
2025-12-28 22:30:54,591 - INFO - ✓ Using fields by position
2025-12-28 22:30:54,591 - INFO - 
[3.2] Entering Input Folder path...
2025-12-28 22:30:54,592 - INFO -   Path: G:\My Drive\Arczenrick\IEEE\2025\December\20251228\Jithendra\66672-11315051-NU\66672-11315051-NU_11315105
2025-12-28 22:30:56,332 - INFO - ✓ Entered input folder path
2025-12-28 22:30:56,833 - INFO - 
[3.3] Entering Meta Folder path...
2025-12-28 22:30:56,834 - INFO -   Path: G:\My Drive\Arczenrick\IEEE\2025\December\20251228\Jithendra\66672-11315051-NU\66672-11315051-NU_11315105\Meta
2025-12-28 22:30:58,618 - INFO - ✓ Entered meta folder path
2025-12-28 22:30:59,119 - INFO - ✓ All paths entered successfully
2025-12-28 22:30:59,120 - INFO - 
======================================================================
2025-12-28 22:30:59,120 - INFO - PHASE 4: CLICK PROCESS BUTTON
2025-12-28 22:30:59,121 - INFO - ======================================================================
2025-12-28 22:30:59,121 - INFO - 
[4.1] Looking for 'Process' button...
2025-12-28 22:30:59,392 - INFO - Found 4 button(s)
2025-12-28 22:30:59,398 - ERROR - ✗ Process button not found
2025-12-28 22:30:59,399 - ERROR - ✗ Failed to process 66672-11315051-NU_11315105
2025-12-28 22:30:59,399 - INFO - 
██████████████████████████████████████████████████████████████████████
2025-12-28 22:30:59,400 - INFO - PROCESSING ITEM 19/26
2025-12-28 22:30:59,400 - INFO - ██████████████████████████████████████████████████████████████████████
2025-12-28 22:30:59,400 - INFO - 
Item: 66672-11315051-NU_11315113
2025-12-28 22:30:59,401 - INFO - Input: G:\My Drive\Arczenrick\IEEE\2025\December\20251228\Jithendra\66672-11315051-NU\66672-11315051-NU_11315113
2025-12-28 22:30:59,402 - INFO - Meta:  G:\My Drive\Arczenrick\IEEE\2025\December\20251228\Jithendra\66672-11315051-NU\66672-11315051-NU_11315113\Meta
2025-12-28 22:30:59,402 - INFO - 
======================================================================
2025-12-28 22:30:59,403 - INFO - PHASE 3: INPUT FOLDER PATHS
2025-12-28 22:30:59,403 - INFO - ======================================================================
2025-12-28 22:31:00,404 - INFO - 
[3.1] Finding edit fields...
2025-12-28 22:31:00,682 - INFO - Found 2 Edit field(s)
2025-12-28 22:31:00,683 - INFO - ✓ Using fields by position
2025-12-28 22:31:00,683 - INFO - 
[3.2] Entering Input Folder path...
2025-12-28 22:31:00,683 - INFO -   Path: G:\My Drive\Arczenrick\IEEE\2025\December\20251228\Jithendra\66672-11315051-NU\66672-11315051-NU_11315113
2025-12-28 22:31:02,429 - INFO - ✓ Entered input folder path
2025-12-28 22:31:02,930 - INFO - 
[3.3] Entering Meta Folder path...
2025-12-28 22:31:02,931 - INFO -   Path: G:\My Drive\Arczenrick\IEEE\2025\December\20251228\Jithendra\66672-11315051-NU\66672-11315051-NU_11315113\Meta
2025-12-28 22:31:04,687 - INFO - ✓ Entered meta folder path
2025-12-28 22:31:05,188 - INFO - ✓ All paths entered successfully
2025-12-28 22:31:05,190 - INFO - 
======================================================================
2025-12-28 22:31:05,191 - INFO - PHASE 4: CLICK PROCESS BUTTON
2025-12-28 22:31:05,192 - INFO - ======================================================================
2025-12-28 22:31:05,193 - INFO - 
[4.1] Looking for 'Process' button...
2025-12-28 22:31:05,481 - INFO - Found 4 button(s)
2025-12-28 22:31:05,487 - ERROR - ✗ Process button not found
2025-12-28 22:31:05,487 - ERROR - ✗ Failed to process 66672-11315051-NU_11315113
2025-12-28 22:31:05,488 - INFO - 
██████████████████████████████████████████████████████████████████████
2025-12-28 22:31:05,488 - INFO - PROCESSING ITEM 20/26
2025-12-28 22:31:05,489 - INFO - ██████████████████████████████████████████████████████████████████████
2025-12-28 22:31:05,489 - INFO - 
Item: 66672-11315051-NU_11315115
2025-12-28 22:31:05,490 - INFO - Input: G:\My Drive\Arczenrick\IEEE\2025\December\20251228\Jithendra\66672-11315051-NU\66672-11315051-NU_11315115
2025-12-28 22:31:05,490 - INFO - Meta:  G:\My Drive\Arczenrick\IEEE\2025\December\20251228\Jithendra\66672-11315051-NU\66672-11315051-NU_11315115\Meta
2025-12-28 22:31:05,491 - INFO - 
======================================================================
2025-12-28 22:31:05,492 - INFO - PHASE 3: INPUT FOLDER PATHS
2025-12-28 22:31:05,492 - INFO - ======================================================================
2025-12-28 22:31:06,493 - INFO - 
[3.1] Finding edit fields...
2025-12-28 22:31:06,803 - INFO - Found 2 Edit field(s)
2025-12-28 22:31:06,804 - INFO - ✓ Using fields by position
2025-12-28 22:31:06,805 - INFO - 
[3.2] Entering Input Folder path...
2025-12-28 22:31:06,805 - INFO -   Path: G:\My Drive\Arczenrick\IEEE\2025\December\20251228\Jithendra\66672-11315051-NU\66672-11315051-NU_11315115
2025-12-28 22:31:08,534 - INFO - ✓ Entered input folder path
2025-12-28 22:31:09,035 - INFO - 
[3.3] Entering Meta Folder path...
2025-12-28 22:31:09,035 - INFO -   Path: G:\My Drive\Arczenrick\IEEE\2025\December\20251228\Jithendra\66672-11315051-NU\66672-11315051-NU_11315115\Meta
2025-12-28 22:31:10,821 - INFO - ✓ Entered meta folder path
2025-12-28 22:31:11,322 - INFO - ✓ All paths entered successfully
2025-12-28 22:31:11,323 - INFO - 
======================================================================
2025-12-28 22:31:11,325 - INFO - PHASE 4: CLICK PROCESS BUTTON
2025-12-28 22:31:11,326 - INFO - ======================================================================
2025-12-28 22:31:11,327 - INFO - 
[4.1] Looking for 'Process' button...
2025-12-28 22:31:11,603 - INFO - Found 4 button(s)
2025-12-28 22:31:11,608 - ERROR - ✗ Process button not found
2025-12-28 22:31:11,608 - ERROR - ✗ Failed to process 66672-11315051-NU_11315115
2025-12-28 22:31:11,609 - INFO - 
██████████████████████████████████████████████████████████████████████
2025-12-28 22:31:11,609 - INFO - PROCESSING ITEM 21/26
2025-12-28 22:31:11,610 - INFO - ██████████████████████████████████████████████████████████████████████
2025-12-28 22:31:11,610 - INFO - 
Item: 66672-11315051-NU_11315056
2025-12-28 22:31:11,610 - INFO - Input: G:\My Drive\Arczenrick\IEEE\2025\December\20251228\Jithendra\66672-11315051-NU\66672-11315051-NU_11315056
2025-12-28 22:31:11,611 - INFO - Meta:  G:\My Drive\Arczenrick\IEEE\2025\December\20251228\Jithendra\66672-11315051-NU\66672-11315051-NU_11315056\Meta
2025-12-28 22:31:11,611 - INFO - 
======================================================================
2025-12-28 22:31:11,612 - INFO - PHASE 3: INPUT FOLDER PATHS
2025-12-28 22:31:11,612 - INFO - ======================================================================
2025-12-28 22:31:12,613 - INFO - 
[3.1] Finding edit fields...
2025-12-28 22:31:12,922 - INFO - Found 2 Edit field(s)
2025-12-28 22:31:12,923 - INFO - ✓ Using fields by position
2025-12-28 22:31:12,924 - INFO - 
[3.2] Entering Input Folder path...
2025-12-28 22:31:12,924 - INFO -   Path: G:\My Drive\Arczenrick\IEEE\2025\December\20251228\Jithendra\66672-11315051-NU\66672-11315051-NU_11315056
2025-12-28 22:31:14,651 - INFO - ✓ Entered input folder path
2025-12-28 22:31:15,153 - INFO - 
[3.3] Entering Meta Folder path...
2025-12-28 22:31:15,154 - INFO -   Path: G:\My Drive\Arczenrick\IEEE\2025\December\20251228\Jithendra\66672-11315051-NU\66672-11315051-NU_11315056\Meta
2025-12-28 22:31:16,958 - INFO - ✓ Entered meta folder path
2025-12-28 22:31:17,460 - INFO - ✓ All paths entered successfully
2025-12-28 22:31:17,461 - INFO - 
======================================================================
2025-12-28 22:31:17,462 - INFO - PHASE 4: CLICK PROCESS BUTTON
2025-12-28 22:31:17,463 - INFO - ======================================================================
2025-12-28 22:31:17,465 - INFO - 
[4.1] Looking for 'Process' button...
2025-12-28 22:31:17,765 - INFO - Found 4 button(s)
2025-12-28 22:31:17,770 - ERROR - ✗ Process button not found
2025-12-28 22:31:17,770 - ERROR - ✗ Failed to process 66672-11315051-NU_11315056
2025-12-28 22:31:17,770 - INFO - 
██████████████████████████████████████████████████████████████████████
2025-12-28 22:31:17,771 - INFO - PROCESSING ITEM 22/26
2025-12-28 22:31:17,772 - INFO - ██████████████████████████████████████████████████████████████████████
2025-12-28 22:31:17,772 - INFO - 
Item: 66672-11315051-NU_11315058
2025-12-28 22:31:17,772 - INFO - Input: G:\My Drive\Arczenrick\IEEE\2025\December\20251228\Jithendra\66672-11315051-NU\66672-11315051-NU_11315058
2025-12-28 22:31:17,773 - INFO - Meta:  G:\My Drive\Arczenrick\IEEE\2025\December\20251228\Jithendra\66672-11315051-NU\66672-11315051-NU_11315058\Meta
2025-12-28 22:31:17,774 - INFO - 
======================================================================
2025-12-28 22:31:17,774 - INFO - PHASE 3: INPUT FOLDER PATHS
2025-12-28 22:31:17,775 - INFO - ======================================================================
2025-12-28 22:31:18,776 - INFO - 
[3.1] Finding edit fields...
2025-12-28 22:31:19,074 - INFO - Found 2 Edit field(s)
2025-12-28 22:31:19,075 - INFO - ✓ Using fields by position
2025-12-28 22:31:19,075 - INFO - 
[3.2] Entering Input Folder path...
2025-12-28 22:31:19,076 - INFO -   Path: G:\My Drive\Arczenrick\IEEE\2025\December\20251228\Jithendra\66672-11315051-NU\66672-11315051-NU_11315058
2025-12-28 22:31:20,805 - INFO - ✓ Entered input folder path
2025-12-28 22:31:21,307 - INFO - 
[3.3] Entering Meta Folder path...
2025-12-28 22:31:21,308 - INFO -   Path: G:\My Drive\Arczenrick\IEEE\2025\December\20251228\Jithendra\66672-11315051-NU\66672-11315051-NU_11315058\Meta
2025-12-28 22:31:23,083 - INFO - ✓ Entered meta folder path
2025-12-28 22:31:23,584 - INFO - ✓ All paths entered successfully
2025-12-28 22:31:23,586 - INFO - 
======================================================================
2025-12-28 22:31:23,587 - INFO - PHASE 4: CLICK PROCESS BUTTON
2025-12-28 22:31:23,588 - INFO - ======================================================================
2025-12-28 22:31:23,589 - INFO - 
[4.1] Looking for 'Process' button...
2025-12-28 22:31:23,873 - INFO - Found 4 button(s)
2025-12-28 22:31:23,878 - ERROR - ✗ Process button not found
2025-12-28 22:31:23,879 - ERROR - ✗ Failed to process 66672-11315051-NU_11315058
2025-12-28 22:31:23,879 - INFO - 
██████████████████████████████████████████████████████████████████████
2025-12-28 22:31:23,880 - INFO - PROCESSING ITEM 23/26
2025-12-28 22:31:23,880 - INFO - ██████████████████████████████████████████████████████████████████████
2025-12-28 22:31:23,880 - INFO - 
Item: 66672-11315051-NU_11315103
2025-12-28 22:31:23,881 - INFO - Input: G:\My Drive\Arczenrick\IEEE\2025\December\20251228\Navya\66672-11315051-NU\66672-11315051-NU_11315103
2025-12-28 22:31:23,882 - INFO - Meta:  G:\My Drive\Arczenrick\IEEE\2025\December\20251228\Navya\66672-11315051-NU\66672-11315051-NU_11315103\Meta
2025-12-28 22:31:23,883 - INFO - 
======================================================================
2025-12-28 22:31:23,884 - INFO - PHASE 3: INPUT FOLDER PATHS
2025-12-28 22:31:23,884 - INFO - ======================================================================
2025-12-28 22:31:24,885 - INFO - 
[3.1] Finding edit fields...
2025-12-28 22:31:25,167 - INFO - Found 2 Edit field(s)
2025-12-28 22:31:25,168 - INFO - ✓ Using fields by position
2025-12-28 22:31:25,168 - INFO - 
[3.2] Entering Input Folder path...
2025-12-28 22:31:25,169 - INFO -   Path: G:\My Drive\Arczenrick\IEEE\2025\December\20251228\Navya\66672-11315051-NU\66672-11315051-NU_11315103
2025-12-28 22:31:26,840 - INFO - ✓ Entered input folder path
2025-12-28 22:31:27,341 - INFO - 
[3.3] Entering Meta Folder path...
2025-12-28 22:31:27,342 - INFO -   Path: G:\My Drive\Arczenrick\IEEE\2025\December\20251228\Navya\66672-11315051-NU\66672-11315051-NU_11315103\Meta
2025-12-28 22:31:29,083 - INFO - ✓ Entered meta folder path
2025-12-28 22:31:29,584 - INFO - ✓ All paths entered successfully
2025-12-28 22:31:29,585 - INFO - 
======================================================================
2025-12-28 22:31:29,586 - INFO - PHASE 4: CLICK PROCESS BUTTON
2025-12-28 22:31:29,587 - INFO - ======================================================================
2025-12-28 22:31:29,589 - INFO - 
[4.1] Looking for 'Process' button...
2025-12-28 22:31:29,870 - INFO - Found 4 button(s)
2025-12-28 22:31:29,874 - ERROR - ✗ Process button not found
2025-12-28 22:31:29,875 - ERROR - ✗ Failed to process 66672-11315051-NU_11315103
2025-12-28 22:31:29,875 - INFO - 
██████████████████████████████████████████████████████████████████████
2025-12-28 22:31:29,875 - INFO - PROCESSING ITEM 24/26
2025-12-28 22:31:29,876 - INFO - ██████████████████████████████████████████████████████████████████████
2025-12-28 22:31:29,877 - INFO - 
Item: 66672-11315051-NU_11315053
2025-12-28 22:31:29,877 - INFO - Input: G:\My Drive\Arczenrick\IEEE\2025\December\20251228\Sravanthi\66672-11315051-NU\66672-11315051-NU_11315053
2025-12-28 22:31:29,878 - INFO - Meta:  G:\My Drive\Arczenrick\IEEE\2025\December\20251228\Sravanthi\66672-11315051-NU\66672-11315051-NU_11315053\Meta
2025-12-28 22:31:29,878 - INFO - 
======================================================================
2025-12-28 22:31:29,879 - INFO - PHASE 3: INPUT FOLDER PATHS
2025-12-28 22:31:29,879 - INFO - ======================================================================
2025-12-28 22:31:30,879 - INFO - 
[3.1] Finding edit fields...
2025-12-28 22:31:31,151 - INFO - Found 2 Edit field(s)
2025-12-28 22:31:31,152 - INFO - ✓ Using fields by position
2025-12-28 22:31:31,152 - INFO - 
[3.2] Entering Input Folder path...
2025-12-28 22:31:31,152 - INFO -   Path: G:\My Drive\Arczenrick\IEEE\2025\December\20251228\Sravanthi\66672-11315051-NU\66672-11315051-NU_11315053
2025-12-28 22:31:32,876 - INFO - ✓ Entered input folder path
2025-12-28 22:31:33,377 - INFO - 
[3.3] Entering Meta Folder path...
2025-12-28 22:31:33,378 - INFO -   Path: G:\My Drive\Arczenrick\IEEE\2025\December\20251228\Sravanthi\66672-11315051-NU\66672-11315051-NU_11315053\Meta
2025-12-28 22:31:35,169 - INFO - ✓ Entered meta folder path
2025-12-28 22:31:35,670 - INFO - ✓ All paths entered successfully
2025-12-28 22:31:35,671 - INFO - 
======================================================================
2025-12-28 22:31:35,672 - INFO - PHASE 4: CLICK PROCESS BUTTON
2025-12-28 22:31:35,674 - INFO - ======================================================================
2025-12-28 22:31:35,676 - INFO - 
[4.1] Looking for 'Process' button...
2025-12-28 22:31:35,957 - INFO - Found 4 button(s)
2025-12-28 22:31:35,963 - ERROR - ✗ Process button not found
2025-12-28 22:31:35,963 - ERROR - ✗ Failed to process 66672-11315051-NU_11315053
2025-12-28 22:31:35,964 - INFO - 
██████████████████████████████████████████████████████████████████████
2025-12-28 22:31:35,965 - INFO - PROCESSING ITEM 25/26
2025-12-28 22:31:35,965 - INFO - ██████████████████████████████████████████████████████████████████████
2025-12-28 22:31:35,965 - INFO - 
Item: 66672-11315051-NU_11315057
2025-12-28 22:31:35,967 - INFO - Input: G:\My Drive\Arczenrick\IEEE\2025\December\20251228\Sravanthi\66672-11315051-NU\66672-11315051-NU_11315057
2025-12-28 22:31:35,967 - INFO - Meta:  G:\My Drive\Arczenrick\IEEE\2025\December\20251228\Sravanthi\66672-11315051-NU\66672-11315051-NU_11315057\Meta
2025-12-28 22:31:35,968 - INFO - 
======================================================================
2025-12-28 22:31:35,968 - INFO - PHASE 3: INPUT FOLDER PATHS
2025-12-28 22:31:35,969 - INFO - ======================================================================
2025-12-28 22:31:36,970 - INFO - 
[3.1] Finding edit fields...
2025-12-28 22:31:37,246 - INFO - Found 2 Edit field(s)
2025-12-28 22:31:37,247 - INFO - ✓ Using fields by position
2025-12-28 22:31:37,248 - INFO - 
[3.2] Entering Input Folder path...
2025-12-28 22:31:37,248 - INFO -   Path: G:\My Drive\Arczenrick\IEEE\2025\December\20251228\Sravanthi\66672-11315051-NU\66672-11315051-NU_11315057
2025-12-28 22:31:38,977 - INFO - ✓ Entered input folder path
2025-12-28 22:31:39,478 - INFO - 
[3.3] Entering Meta Folder path...
2025-12-28 22:31:39,480 - INFO -   Path: G:\My Drive\Arczenrick\IEEE\2025\December\20251228\Sravanthi\66672-11315051-NU\66672-11315051-NU_11315057\Meta
2025-12-28 22:31:41,260 - INFO - ✓ Entered meta folder path
2025-12-28 22:31:41,761 - INFO - ✓ All paths entered successfully
2025-12-28 22:31:41,763 - INFO - 
======================================================================
2025-12-28 22:31:41,765 - INFO - PHASE 4: CLICK PROCESS BUTTON
2025-12-28 22:31:41,766 - INFO - ======================================================================
2025-12-28 22:31:41,767 - INFO - 
[4.1] Looking for 'Process' button...
2025-12-28 22:31:42,048 - INFO - Found 4 button(s)
2025-12-28 22:31:42,053 - ERROR - ✗ Process button not found
2025-12-28 22:31:42,053 - ERROR - ✗ Failed to process 66672-11315051-NU_11315057
2025-12-28 22:31:42,053 - INFO - 
██████████████████████████████████████████████████████████████████████
2025-12-28 22:31:42,054 - INFO - PROCESSING ITEM 26/26
2025-12-28 22:31:42,054 - INFO - ██████████████████████████████████████████████████████████████████████
2025-12-28 22:31:42,055 - INFO - 
Item: 66672-11315051-NU_11315061
2025-12-28 22:31:42,055 - INFO - Input: G:\My Drive\Arczenrick\IEEE\2025\December\20251228\Sravanthi\66672-11315051-NU\66672-11315051-NU_11315061
2025-12-28 22:31:42,056 - INFO - Meta:  G:\My Drive\Arczenrick\IEEE\2025\December\20251228\Sravanthi\66672-11315051-NU\66672-11315051-NU_11315061\Meta
2025-12-28 22:31:42,057 - INFO - 
======================================================================
2025-12-28 22:31:42,058 - INFO - PHASE 3: INPUT FOLDER PATHS
2025-12-28 22:31:42,059 - INFO - ======================================================================
2025-12-28 22:31:43,060 - INFO - 
[3.1] Finding edit fields...
2025-12-28 22:31:43,339 - INFO - Found 2 Edit field(s)
2025-12-28 22:31:43,340 - INFO - ✓ Using fields by position
2025-12-28 22:31:43,340 - INFO - 
[3.2] Entering Input Folder path...
2025-12-28 22:31:43,341 - INFO -   Path: G:\My Drive\Arczenrick\IEEE\2025\December\20251228\Sravanthi\66672-11315051-NU\66672-11315051-NU_11315061
2025-12-28 22:31:45,069 - INFO - ✓ Entered input folder path
2025-12-28 22:31:45,570 - INFO - 
[3.3] Entering Meta Folder path...
2025-12-28 22:31:45,572 - INFO -   Path: G:\My Drive\Arczenrick\IEEE\2025\December\20251228\Sravanthi\66672-11315051-NU\66672-11315051-NU_11315061\Meta
2025-12-28 22:31:47,365 - INFO - ✓ Entered meta folder path
2025-12-28 22:31:47,866 - INFO - ✓ All paths entered successfully
2025-12-28 22:31:47,867 - INFO - 
======================================================================
2025-12-28 22:31:47,869 - INFO - PHASE 4: CLICK PROCESS BUTTON
2025-12-28 22:31:47,870 - INFO - ======================================================================
2025-12-28 22:31:47,871 - INFO - 
[4.1] Looking for 'Process' button...
2025-12-28 22:31:48,159 - INFO - Found 4 button(s)
2025-12-28 22:31:48,165 - ERROR - ✗ Process button not found
2025-12-28 22:31:48,165 - ERROR - ✗ Failed to process 66672-11315051-NU_11315061
2025-12-28 22:31:48,166 - INFO - 
======================================================================
2025-12-28 22:31:48,166 - INFO - PROCESSING COMPLETE - SUMMARY
2025-12-28 22:31:48,167 - INFO - ======================================================================
2025-12-28 22:31:48,167 - INFO - Total Items: 26
2025-12-28 22:31:48,168 - INFO - Successful: 10
2025-12-28 22:31:48,168 - INFO - Failed: 16
2025-12-28 22:31:48,169 - INFO - Success Rate: 38.5%
2025-12-28 22:31:48,169 - INFO - 
Failed Items:
2025-12-28 22:31:48,170 - INFO -   - 66658_11317819
2025-12-28 22:31:48,170 - INFO -   - 66658_11317821
2025-12-28 22:31:48,171 - INFO -   - 66672-11315051-NU_11315071
2025-12-28 22:31:48,171 - INFO -   - 66672-11315051-NU_11315076
2025-12-28 22:31:48,172 - INFO -   - 66672-11315051-NU_11315091
2025-12-28 22:31:48,172 - INFO -   - 66672-11315051-NU_11315095
2025-12-28 22:31:48,173 - INFO -   - 66672-11315051-NU_11315100
2025-12-28 22:31:48,173 - INFO -   - 66672-11315051-NU_11315105
2025-12-28 22:31:48,174 - INFO -   - 66672-11315051-NU_11315113
2025-12-28 22:31:48,174 - INFO -   - 66672-11315051-NU_11315115
2025-12-28 22:31:48,174 - INFO -   - 66672-11315051-NU_11315056
2025-12-28 22:31:48,176 - INFO -   - 66672-11315051-NU_11315058
2025-12-28 22:31:48,176 - INFO -   - 66672-11315051-NU_11315103
2025-12-28 22:31:48,177 - INFO -   - 66672-11315051-NU_11315053
2025-12-28 22:31:48,178 - INFO -   - 66672-11315051-NU_11315057
2025-12-28 22:31:48,178 - INFO -   - 66672-11315051-NU_11315061
2025-12-28 22:31:48,178 - INFO - 
Log file: logs\upload_20251228_222503.log
2025-12-28 22:31:48,179 - INFO - ======================================================================
