2026-01-12 22:33:32,377 - INFO - Logging initialized. Log file: logs\upload_20260112_223332.log
2026-01-12 22:33:32,378 - INFO - 
██████████████████████████████████████████████████████████████████████
2026-01-12 22:33:32,378 - INFO - STAGE 3: IEEE XML CONVERSION UPLOAD
2026-01-12 22:33:32,379 - INFO - ██████████████████████████████████████████████████████████████████████

2026-01-12 22:34:07,985 - INFO - No date provided. Using default (today): 20260112
2026-01-12 22:34:07,990 - INFO - ✓ Target folder confirmed: G:\My Drive\Arczenrick\IEEE\2025\December\20260112
2026-01-12 22:34:08,127 - INFO - Found 5 item(s) to process

2026-01-12 22:34:08,128 - INFO - ======================================================================
2026-01-12 22:34:08,129 - INFO - PHASE 1: OPENING IEEE XML CONVERSION TOOL
2026-01-12 22:34:08,130 - INFO - ======================================================================
2026-01-12 22:34:08,131 - INFO - 
[1.1] Starting application...
2026-01-12 22:34:08,664 - INFO - ✓ Application started
2026-01-12 22:34:12,665 - INFO - 
[1.2] Finding tool window...
2026-01-12 22:34:12,920 - INFO - ✓ Found window: 'IEEE_XML_Conversion_App'
2026-01-12 22:34:13,921 - INFO - 
======================================================================
2026-01-12 22:34:13,922 - INFO - PHASE 2: CLICK CONVERSION TAB
2026-01-12 22:34:13,923 - INFO - ======================================================================
2026-01-12 22:34:13,924 - INFO - 
[2.1] Looking for 'Conversion' tab...
2026-01-12 22:34:14,232 - INFO - Found 3 tab item(s)
2026-01-12 22:34:14,234 - INFO -   Tab 1: 'PreQA'
2026-01-12 22:34:14,235 - INFO -   Tab 2: 'Conversion'
2026-01-12 22:34:14,236 - INFO - ✓ Found 'Conversion' tab: 'Conversion'
2026-01-12 22:34:14,236 - INFO - Clicking Conversion tab...
2026-01-12 22:34:14,361 - INFO - ✓ Clicked Conversion tab
2026-01-12 22:34:16,362 - INFO - 
██████████████████████████████████████████████████████████████████████
2026-01-12 22:34:16,363 - INFO - PROCESSING ITEM 1/5
2026-01-12 22:34:16,364 - INFO - ██████████████████████████████████████████████████████████████████████
2026-01-12 22:34:16,366 - INFO - 
Item: 65767-11341754-NU_11341831
2026-01-12 22:34:16,367 - INFO - Input: G:\My Drive\Arczenrick\IEEE\2025\December\20260112\Haritha\65767-11341754-NU\65767-11341754-NU_11341831
2026-01-12 22:34:16,368 - INFO - Meta:  G:\My Drive\Arczenrick\IEEE\2025\December\20260112\Haritha\65767-11341754-NU\65767-11341754-NU_11341831\Meta
2026-01-12 22:34:16,369 - INFO - 
======================================================================
2026-01-12 22:34:16,372 - INFO - PHASE 3: INPUT FOLDER PATHS
2026-01-12 22:34:16,374 - INFO - ======================================================================
2026-01-12 22:34:17,377 - INFO - 
[3.1] Finding edit fields...
2026-01-12 22:34:17,675 - INFO - Found 2 Edit field(s)
2026-01-12 22:34:17,676 - INFO - ✓ Using fields by position
2026-01-12 22:34:17,677 - INFO - 
[3.2] Entering Input Folder path...
2026-01-12 22:34:17,677 - INFO -   Path: G:\My Drive\Arczenrick\IEEE\2025\December\20260112\Haritha\65767-11341754-NU\65767-11341754-NU_11341831
2026-01-12 22:34:19,389 - INFO - ✓ Entered input folder path
2026-01-12 22:34:19,890 - INFO - 
[3.3] Entering Meta Folder path...
2026-01-12 22:34:19,891 - INFO -   Path: G:\My Drive\Arczenrick\IEEE\2025\December\20260112\Haritha\65767-11341754-NU\65767-11341754-NU_11341831\Meta
2026-01-12 22:34:21,668 - INFO - ✓ Entered meta folder path
2026-01-12 22:34:22,169 - INFO - ✓ All paths entered successfully
2026-01-12 22:34:22,169 - INFO - 
======================================================================
2026-01-12 22:34:22,170 - INFO - PHASE 4: CLICK PROCESS BUTTON
2026-01-12 22:34:22,170 - INFO - ======================================================================
2026-01-12 22:34:22,171 - INFO - 
[4.1] Looking for 'Process' button...
2026-01-12 22:34:22,436 - INFO - Found 4 button(s)
2026-01-12 22:34:22,439 - INFO - ✓ Found 'Process' button
2026-01-12 22:34:22,439 - INFO - Clicking Process button...
2026-01-12 22:34:23,592 - INFO - ✓ Process button clicked
2026-01-12 22:34:24,594 - INFO - 
[4.2] Waiting for OK button popup...
2026-01-12 22:34:37,114 - WARNING - ⚠ No OK button found within 10s
2026-01-12 22:34:37,115 - ERROR - ✗ Failed to click OK button
2026-01-12 22:34:37,116 - ERROR - ✗ Failed to process 65767-11341754-NU_11341831
2026-01-12 22:34:37,116 - INFO - 
██████████████████████████████████████████████████████████████████████
2026-01-12 22:34:37,118 - INFO - PROCESSING ITEM 2/5
2026-01-12 22:34:37,119 - INFO - ██████████████████████████████████████████████████████████████████████
2026-01-12 22:34:37,120 - INFO - 
Item: 65767-11341754-NU_11341834
2026-01-12 22:34:37,123 - INFO - Input: G:\My Drive\Arczenrick\IEEE\2025\December\20260112\Haritha\65767-11341754-NU\65767-11341754-NU_11341834
2026-01-12 22:34:37,124 - INFO - Meta:  G:\My Drive\Arczenrick\IEEE\2025\December\20260112\Haritha\65767-11341754-NU\65767-11341754-NU_11341834\Meta
2026-01-12 22:34:37,126 - INFO - 
======================================================================
2026-01-12 22:34:37,128 - INFO - PHASE 3: INPUT FOLDER PATHS
2026-01-12 22:34:37,131 - INFO - ======================================================================
2026-01-12 22:34:38,132 - INFO - 
[3.1] Finding edit fields...
2026-01-12 22:34:38,137 - INFO - Found 0 Edit field(s)
2026-01-12 22:34:38,139 - ERROR - ✗ Not enough edit fields found (need 2, found 0)
2026-01-12 22:34:38,143 - ERROR - ✗ Failed to input paths for 65767-11341754-NU_11341834
2026-01-12 22:34:38,151 - INFO - 
██████████████████████████████████████████████████████████████████████
2026-01-12 22:34:38,175 - INFO - PROCESSING ITEM 3/5
2026-01-12 22:34:38,176 - INFO - ██████████████████████████████████████████████████████████████████████
2026-01-12 22:34:38,177 - INFO - 
Item: 65767-11341754-NU_11341855
2026-01-12 22:34:38,182 - INFO - Input: G:\My Drive\Arczenrick\IEEE\2025\December\20260112\Haritha\65767-11341754-NU\65767-11341754-NU_11341855
2026-01-12 22:34:38,183 - INFO - Meta:  G:\My Drive\Arczenrick\IEEE\2025\December\20260112\Haritha\65767-11341754-NU\65767-11341754-NU_11341855\Meta
2026-01-12 22:34:38,185 - INFO - 
======================================================================
2026-01-12 22:34:38,186 - INFO - PHASE 3: INPUT FOLDER PATHS
2026-01-12 22:34:38,187 - INFO - ======================================================================
2026-01-12 22:34:38,689 - INFO - 
⚠ Processing interrupted by user
