2026-01-10 14:28:21,505 - INFO - Logging initialized. Log file: logs\upload_20260110_142821.log
2026-01-10 14:28:22,648 - INFO - 
██████████████████████████████████████████████████████████████████████
2026-01-10 14:28:22,649 - INFO - STAGE 3: IEEE XML CONVERSION UPLOAD
2026-01-10 14:28:22,650 - INFO - ██████████████████████████████████████████████████████████████████████

2026-01-10 14:28:22,682 - INFO - Found 4 item(s) to process

2026-01-10 14:28:22,685 - INFO - ======================================================================
2026-01-10 14:28:22,685 - INFO - PHASE 1: OPENING IEEE XML CONVERSION TOOL
2026-01-10 14:28:22,686 - INFO - ======================================================================
2026-01-10 14:28:22,686 - INFO - 
[1.1] Starting application...
2026-01-10 14:28:23,326 - INFO - ✓ Application started
2026-01-10 14:28:27,327 - INFO - 
[1.2] Finding tool window...
2026-01-10 14:28:27,534 - INFO - ✓ Found window: 'IEEE_XML_Conversion_App'
2026-01-10 14:28:28,535 - INFO - 
======================================================================
2026-01-10 14:28:28,535 - INFO - PHASE 2: CLICK CONVERSION TAB
2026-01-10 14:28:28,535 - INFO - ======================================================================
2026-01-10 14:28:28,536 - INFO - 
[2.1] Looking for 'Conversion' tab...
2026-01-10 14:28:28,821 - INFO - Found 3 tab item(s)
2026-01-10 14:28:28,823 - INFO -   Tab 1: 'PreQA'
2026-01-10 14:28:28,825 - INFO -   Tab 2: 'Conversion'
2026-01-10 14:28:28,825 - INFO - ✓ Found 'Conversion' tab: 'Conversion'
2026-01-10 14:28:28,826 - INFO - Clicking Conversion tab...
2026-01-10 14:28:29,036 - INFO - ✓ Clicked Conversion tab
2026-01-10 14:28:31,038 - INFO - 
██████████████████████████████████████████████████████████████████████
2026-01-10 14:28:31,038 - INFO - PROCESSING ITEM 1/4
2026-01-10 14:28:31,038 - INFO - ██████████████████████████████████████████████████████████████████████
2026-01-10 14:28:31,039 - INFO - 
Item: 66301-11344076-NU_11344174
2026-01-10 14:28:31,039 - INFO - Input: G:\My Drive\Arczenrick\IEEE\2026\January\20260110\66301-11344076-NU\66301-11344076-NU_11344174
2026-01-10 14:28:31,040 - INFO - Meta:  G:\My Drive\Arczenrick\IEEE\2026\January\20260110\66301-11344076-NU\66301-11344076-NU_11344174\Meta
2026-01-10 14:28:31,040 - INFO - 
======================================================================
2026-01-10 14:28:31,041 - INFO - PHASE 3: INPUT FOLDER PATHS
2026-01-10 14:28:31,041 - INFO - ======================================================================
2026-01-10 14:28:32,043 - INFO - 
[3.1] Finding edit fields...
2026-01-10 14:28:32,312 - INFO - Found 2 Edit field(s)
2026-01-10 14:28:32,313 - INFO - ✓ Using fields by position
2026-01-10 14:28:32,314 - INFO - 
[3.2] Entering Input Folder path...
2026-01-10 14:28:32,314 - INFO -   Path: G:\My Drive\Arczenrick\IEEE\2026\January\20260110\66301-11344076-NU\66301-11344076-NU_11344174
2026-01-10 14:28:33,897 - INFO - ✓ Entered input folder path
2026-01-10 14:28:34,399 - INFO - 
[3.3] Entering Meta Folder path...
2026-01-10 14:28:34,399 - INFO -   Path: G:\My Drive\Arczenrick\IEEE\2026\January\20260110\66301-11344076-NU\66301-11344076-NU_11344174\Meta
2026-01-10 14:28:36,032 - INFO - ✓ Entered meta folder path
2026-01-10 14:28:36,534 - INFO - ✓ All paths entered successfully
2026-01-10 14:28:36,534 - INFO - 
======================================================================
2026-01-10 14:28:36,534 - INFO - PHASE 4: CLICK PROCESS BUTTON
2026-01-10 14:28:36,535 - INFO - ======================================================================
2026-01-10 14:28:36,535 - INFO - 
[4.1] Looking for 'Process' button...
2026-01-10 14:28:36,791 - INFO - Found 4 button(s)
2026-01-10 14:28:36,794 - INFO - ✓ Found 'Process' button
2026-01-10 14:28:36,794 - INFO - Clicking Process button...
2026-01-10 14:28:36,901 - INFO - ✓ Process button clicked
2026-01-10 14:28:37,903 - INFO - 
[4.2] Waiting for OK button popup...
2026-01-10 14:28:38,702 - INFO - ✓ OK button found by name! (after 0.0s)
2026-01-10 14:28:38,704 - INFO - ✓ Clicked OK button
2026-01-10 14:28:41,707 - INFO - 
[4.3] Moving Meta folder to Appout/UniqueID...
2026-01-10 14:28:41,709 - INFO - ✓ Found Meta folder in input: G:\My Drive\Arczenrick\IEEE\2026\January\20260110\66301-11344076-NU\66301-11344076-NU_11344174\Meta
2026-01-10 14:28:41,711 - INFO - ✓ Found Appout folder
2026-01-10 14:28:41,713 - INFO - ✓ Found unique ID folder: 66301_11344174
2026-01-10 14:28:41,727 - INFO - ✓ Moved Meta folder to unique ID folder
2026-01-10 14:28:41,728 - INFO -   From: G:\My Drive\Arczenrick\IEEE\2026\January\20260110\66301-11344076-NU\66301-11344076-NU_11344174\Meta
2026-01-10 14:28:41,729 - INFO -   To:   G:\My Drive\Arczenrick\IEEE\2026\January\20260110\66301-11344076-NU\66301-11344076-NU_11344174\Appout\66301_11344174\Meta
2026-01-10 14:28:41,731 - INFO - ✓ 66301-11344076-NU_11344174 processed successfully
2026-01-10 14:28:41,732 - INFO - 
Waiting 2 seconds before next item...
2026-01-10 14:28:43,734 - INFO - 
██████████████████████████████████████████████████████████████████████
2026-01-10 14:28:43,734 - INFO - PROCESSING ITEM 2/4
2026-01-10 14:28:43,735 - INFO - ██████████████████████████████████████████████████████████████████████
2026-01-10 14:28:43,735 - INFO - 
Item: 66301-11344076-NU_11344203
2026-01-10 14:28:43,735 - INFO - Input: G:\My Drive\Arczenrick\IEEE\2026\January\20260110\66301-11344076-NU\66301-11344076-NU_11344203
2026-01-10 14:28:43,736 - INFO - Meta:  G:\My Drive\Arczenrick\IEEE\2026\January\20260110\66301-11344076-NU\66301-11344076-NU_11344203\Meta
2026-01-10 14:28:43,737 - INFO - 
======================================================================
2026-01-10 14:28:43,737 - INFO - PHASE 3: INPUT FOLDER PATHS
2026-01-10 14:28:43,737 - INFO - ======================================================================
2026-01-10 14:28:44,738 - INFO - 
[3.1] Finding edit fields...
2026-01-10 14:28:45,079 - INFO - Found 2 Edit field(s)
2026-01-10 14:28:45,080 - INFO - ✓ Using fields by position
2026-01-10 14:28:45,081 - INFO - 
[3.2] Entering Input Folder path...
2026-01-10 14:28:45,081 - INFO -   Path: G:\My Drive\Arczenrick\IEEE\2026\January\20260110\66301-11344076-NU\66301-11344076-NU_11344203
2026-01-10 14:28:46,663 - INFO - ✓ Entered input folder path
2026-01-10 14:28:47,165 - INFO - 
[3.3] Entering Meta Folder path...
2026-01-10 14:28:47,165 - INFO -   Path: G:\My Drive\Arczenrick\IEEE\2026\January\20260110\66301-11344076-NU\66301-11344076-NU_11344203\Meta
2026-01-10 14:28:48,802 - INFO - ✓ Entered meta folder path
2026-01-10 14:28:49,303 - INFO - ✓ All paths entered successfully
2026-01-10 14:28:49,304 - INFO - 
======================================================================
2026-01-10 14:28:49,304 - INFO - PHASE 4: CLICK PROCESS BUTTON
2026-01-10 14:28:49,304 - INFO - ======================================================================
2026-01-10 14:28:49,305 - INFO - 
[4.1] Looking for 'Process' button...
2026-01-10 14:28:49,624 - INFO - Found 4 button(s)
2026-01-10 14:28:49,629 - INFO - ✓ Found 'Process' button
2026-01-10 14:28:49,629 - INFO - Clicking Process button...
2026-01-10 14:28:50,199 - INFO - ✓ Process button clicked
2026-01-10 14:28:51,201 - INFO - 
[4.2] Waiting for OK button popup...
2026-01-10 14:28:52,303 - INFO - ✓ OK button found by name! (after 0.0s)
2026-01-10 14:28:52,305 - INFO - ✓ Clicked OK button
2026-01-10 14:28:55,309 - INFO - 
[4.3] Moving Meta folder to Appout/UniqueID...
2026-01-10 14:28:55,312 - INFO - ✓ Found Meta folder in input: G:\My Drive\Arczenrick\IEEE\2026\January\20260110\66301-11344076-NU\66301-11344076-NU_11344203\Meta
2026-01-10 14:28:55,313 - INFO - ✓ Found Appout folder
2026-01-10 14:28:55,316 - INFO - ✓ Found unique ID folder: 66301_11344203
2026-01-10 14:28:55,350 - INFO - ✓ Moved Meta folder to unique ID folder
2026-01-10 14:28:55,353 - INFO -   From: G:\My Drive\Arczenrick\IEEE\2026\January\20260110\66301-11344076-NU\66301-11344076-NU_11344203\Meta
2026-01-10 14:28:55,353 - INFO -   To:   G:\My Drive\Arczenrick\IEEE\2026\January\20260110\66301-11344076-NU\66301-11344076-NU_11344203\Appout\66301_11344203\Meta
2026-01-10 14:28:55,354 - INFO - ✓ 66301-11344076-NU_11344203 processed successfully
2026-01-10 14:28:55,354 - INFO - 
Waiting 2 seconds before next item...
2026-01-10 14:28:57,360 - INFO - 
██████████████████████████████████████████████████████████████████████
2026-01-10 14:28:57,360 - INFO - PROCESSING ITEM 3/4
2026-01-10 14:28:57,360 - INFO - ██████████████████████████████████████████████████████████████████████
2026-01-10 14:28:57,361 - INFO - 
Item: 66301-11344076-NU_11344261
2026-01-10 14:28:57,362 - INFO - Input: G:\My Drive\Arczenrick\IEEE\2026\January\20260110\66301-11344076-NU\66301-11344076-NU_11344261
2026-01-10 14:28:57,363 - INFO - Meta:  G:\My Drive\Arczenrick\IEEE\2026\January\20260110\66301-11344076-NU\66301-11344076-NU_11344261\Meta
2026-01-10 14:28:57,363 - INFO - 
======================================================================
2026-01-10 14:28:57,364 - INFO - PHASE 3: INPUT FOLDER PATHS
2026-01-10 14:28:57,364 - INFO - ======================================================================
2026-01-10 14:28:58,365 - INFO - 
[3.1] Finding edit fields...
2026-01-10 14:28:58,724 - INFO - Found 2 Edit field(s)
2026-01-10 14:28:58,725 - INFO - ✓ Using fields by position
2026-01-10 14:28:58,726 - INFO - 
[3.2] Entering Input Folder path...
2026-01-10 14:28:58,726 - INFO -   Path: G:\My Drive\Arczenrick\IEEE\2026\January\20260110\66301-11344076-NU\66301-11344076-NU_11344261
2026-01-10 14:29:00,310 - INFO - ✓ Entered input folder path
2026-01-10 14:29:00,811 - INFO - 
[3.3] Entering Meta Folder path...
2026-01-10 14:29:00,811 - INFO -   Path: G:\My Drive\Arczenrick\IEEE\2026\January\20260110\66301-11344076-NU\66301-11344076-NU_11344261\Meta
2026-01-10 14:29:02,450 - INFO - ✓ Entered meta folder path
2026-01-10 14:29:02,950 - INFO - ✓ All paths entered successfully
2026-01-10 14:29:02,951 - INFO - 
======================================================================
2026-01-10 14:29:02,952 - INFO - PHASE 4: CLICK PROCESS BUTTON
2026-01-10 14:29:02,954 - INFO - ======================================================================
2026-01-10 14:29:02,954 - INFO - 
[4.1] Looking for 'Process' button...
2026-01-10 14:29:03,248 - INFO - Found 4 button(s)
2026-01-10 14:29:03,252 - INFO - ✓ Found 'Process' button
2026-01-10 14:29:03,252 - INFO - Clicking Process button...
2026-01-10 14:29:03,363 - INFO - ✓ Process button clicked
2026-01-10 14:29:04,366 - INFO - 
[4.2] Waiting for OK button popup...
2026-01-10 14:29:05,229 - INFO - ✓ OK button found by name! (after 0.0s)
2026-01-10 14:29:05,232 - INFO - ✓ Clicked OK button
2026-01-10 14:29:08,235 - INFO - 
[4.3] Moving Meta folder to Appout/UniqueID...
2026-01-10 14:29:08,238 - INFO - ✓ Found Meta folder in input: G:\My Drive\Arczenrick\IEEE\2026\January\20260110\66301-11344076-NU\66301-11344076-NU_11344261\Meta
2026-01-10 14:29:08,239 - INFO - ✓ Found Appout folder
2026-01-10 14:29:08,242 - INFO - ✓ Found unique ID folder: 66301_11344261
2026-01-10 14:29:08,254 - INFO - ✓ Moved Meta folder to unique ID folder
2026-01-10 14:29:08,254 - INFO -   From: G:\My Drive\Arczenrick\IEEE\2026\January\20260110\66301-11344076-NU\66301-11344076-NU_11344261\Meta
2026-01-10 14:29:08,255 - INFO -   To:   G:\My Drive\Arczenrick\IEEE\2026\January\20260110\66301-11344076-NU\66301-11344076-NU_11344261\Appout\66301_11344261\Meta
2026-01-10 14:29:08,255 - INFO - ✓ 66301-11344076-NU_11344261 processed successfully
2026-01-10 14:29:08,256 - INFO - 
Waiting 2 seconds before next item...
2026-01-10 14:29:10,257 - INFO - 
██████████████████████████████████████████████████████████████████████
2026-01-10 14:29:10,257 - INFO - PROCESSING ITEM 4/4
2026-01-10 14:29:10,258 - INFO - ██████████████████████████████████████████████████████████████████████
2026-01-10 14:29:10,258 - INFO - 
Item: 66301-11344076-NU_11344340
2026-01-10 14:29:10,259 - INFO - Input: G:\My Drive\Arczenrick\IEEE\2026\January\20260110\66301-11344076-NU\66301-11344076-NU_11344340
2026-01-10 14:29:10,259 - INFO - Meta:  G:\My Drive\Arczenrick\IEEE\2026\January\20260110\66301-11344076-NU\66301-11344076-NU_11344340\Meta
2026-01-10 14:29:10,260 - INFO - 
======================================================================
2026-01-10 14:29:10,260 - INFO - PHASE 3: INPUT FOLDER PATHS
2026-01-10 14:29:10,261 - INFO - ======================================================================
2026-01-10 14:29:11,262 - INFO - 
[3.1] Finding edit fields...
2026-01-10 14:29:11,602 - INFO - Found 2 Edit field(s)
2026-01-10 14:29:11,604 - INFO - ✓ Using fields by position
2026-01-10 14:29:11,604 - INFO - 
[3.2] Entering Input Folder path...
2026-01-10 14:29:11,604 - INFO -   Path: G:\My Drive\Arczenrick\IEEE\2026\January\20260110\66301-11344076-NU\66301-11344076-NU_11344340
2026-01-10 14:29:13,190 - INFO - ✓ Entered input folder path
2026-01-10 14:29:13,692 - INFO - 
[3.3] Entering Meta Folder path...
2026-01-10 14:29:13,692 - INFO -   Path: G:\My Drive\Arczenrick\IEEE\2026\January\20260110\66301-11344076-NU\66301-11344076-NU_11344340\Meta
2026-01-10 14:29:15,329 - INFO - ✓ Entered meta folder path
2026-01-10 14:29:15,830 - INFO - ✓ All paths entered successfully
2026-01-10 14:29:15,831 - INFO - 
======================================================================
2026-01-10 14:29:15,831 - INFO - PHASE 4: CLICK PROCESS BUTTON
2026-01-10 14:29:15,832 - INFO - ======================================================================
2026-01-10 14:29:15,832 - INFO - 
[4.1] Looking for 'Process' button...
2026-01-10 14:29:16,127 - INFO - Found 4 button(s)
2026-01-10 14:29:16,130 - INFO - ✓ Found 'Process' button
2026-01-10 14:29:16,131 - INFO - Clicking Process button...
2026-01-10 14:29:16,524 - INFO - ✓ Process button clicked
2026-01-10 14:29:17,526 - INFO - 
[4.2] Waiting for OK button popup...
2026-01-10 14:29:18,348 - INFO - ✓ OK button found by name! (after 0.0s)
2026-01-10 14:29:18,352 - INFO - ✓ Clicked OK button
2026-01-10 14:29:21,354 - INFO - 
[4.3] Moving Meta folder to Appout/UniqueID...
2026-01-10 14:29:21,356 - INFO - ✓ Found Meta folder in input: G:\My Drive\Arczenrick\IEEE\2026\January\20260110\66301-11344076-NU\66301-11344076-NU_11344340\Meta
2026-01-10 14:29:21,358 - INFO - ✓ Found Appout folder
2026-01-10 14:29:21,360 - INFO - ✓ Found unique ID folder: 66301_11344340
2026-01-10 14:29:21,373 - INFO - ✓ Moved Meta folder to unique ID folder
2026-01-10 14:29:21,374 - INFO -   From: G:\My Drive\Arczenrick\IEEE\2026\January\20260110\66301-11344076-NU\66301-11344076-NU_11344340\Meta
2026-01-10 14:29:21,375 - INFO -   To:   G:\My Drive\Arczenrick\IEEE\2026\January\20260110\66301-11344076-NU\66301-11344076-NU_11344340\Appout\66301_11344340\Meta
2026-01-10 14:29:21,375 - INFO - ✓ 66301-11344076-NU_11344340 processed successfully
2026-01-10 14:29:21,376 - INFO - 
======================================================================
2026-01-10 14:29:21,376 - INFO - PROCESSING COMPLETE - SUMMARY
2026-01-10 14:29:21,377 - INFO - ======================================================================
2026-01-10 14:29:21,378 - INFO - Total Items: 4
2026-01-10 14:29:21,378 - INFO - Successful: 4
2026-01-10 14:29:21,379 - INFO - Failed: 0
2026-01-10 14:29:21,379 - INFO - Success Rate: 100.0%
2026-01-10 14:29:21,379 - INFO - 
Log file: logs\upload_20260110_142821.log
2026-01-10 14:29:21,380 - INFO - ======================================================================
