2026-01-10 14:33:41,900 - INFO - Logging initialized. Log file: logs\upload_20260110_143341.log
2026-01-10 14:33:43,373 - INFO - 
██████████████████████████████████████████████████████████████████████
2026-01-10 14:33:43,374 - INFO - STAGE 3: IEEE XML CONVERSION UPLOAD
2026-01-10 14:33:43,374 - INFO - ██████████████████████████████████████████████████████████████████████

2026-01-10 14:33:43,430 - INFO - Found 4 item(s) to process

2026-01-10 14:33:43,439 - INFO - ======================================================================
2026-01-10 14:33:43,440 - INFO - PHASE 1: OPENING IEEE XML CONVERSION TOOL
2026-01-10 14:33:43,440 - INFO - ======================================================================
2026-01-10 14:33:43,441 - INFO - 
[1.1] Starting application...
2026-01-10 14:33:44,049 - INFO - ✓ Application started
2026-01-10 14:33:48,050 - INFO - 
[1.2] Finding tool window...
2026-01-10 14:33:48,280 - INFO - ✓ Found window: 'IEEE_XML_Conversion_App'
2026-01-10 14:33:49,281 - INFO - 
======================================================================
2026-01-10 14:33:49,281 - INFO - PHASE 2: CLICK CONVERSION TAB
2026-01-10 14:33:49,282 - INFO - ======================================================================
2026-01-10 14:33:49,282 - INFO - 
[2.1] Looking for 'Conversion' tab...
2026-01-10 14:33:49,556 - INFO - Found 3 tab item(s)
2026-01-10 14:33:49,558 - INFO -   Tab 1: 'PreQA'
2026-01-10 14:33:49,560 - INFO -   Tab 2: 'Conversion'
2026-01-10 14:33:49,561 - INFO - ✓ Found 'Conversion' tab: 'Conversion'
2026-01-10 14:33:49,561 - INFO - Clicking Conversion tab...
2026-01-10 14:33:50,776 - INFO - ✓ Clicked Conversion tab
2026-01-10 14:33:52,777 - INFO - 
██████████████████████████████████████████████████████████████████████
2026-01-10 14:33:52,777 - INFO - PROCESSING ITEM 1/4
2026-01-10 14:33:52,778 - INFO - ██████████████████████████████████████████████████████████████████████
2026-01-10 14:33:52,778 - INFO - 
Item: 64299-11344063-NU_11344130
2026-01-10 14:33:52,779 - INFO - Input: G:\My Drive\Arczenrick\IEEE\2026\January\20260110\64299-11344063-NU\64299-11344063-NU_11344130
2026-01-10 14:33:52,779 - INFO - Meta:  G:\My Drive\Arczenrick\IEEE\2026\January\20260110\64299-11344063-NU\64299-11344063-NU_11344130\Meta
2026-01-10 14:33:52,779 - INFO - 
======================================================================
2026-01-10 14:33:52,780 - INFO - PHASE 3: INPUT FOLDER PATHS
2026-01-10 14:33:52,780 - INFO - ======================================================================
2026-01-10 14:33:53,781 - INFO - 
[3.1] Finding edit fields...
2026-01-10 14:33:54,039 - INFO - Found 2 Edit field(s)
2026-01-10 14:33:54,040 - INFO - ✓ Using fields by position
2026-01-10 14:33:54,041 - INFO - 
[3.2] Entering Input Folder path...
2026-01-10 14:33:54,041 - INFO -   Path: G:\My Drive\Arczenrick\IEEE\2026\January\20260110\64299-11344063-NU\64299-11344063-NU_11344130
2026-01-10 14:33:55,617 - INFO - ✓ Entered input folder path
2026-01-10 14:33:56,118 - INFO - 
[3.3] Entering Meta Folder path...
2026-01-10 14:33:56,119 - INFO -   Path: G:\My Drive\Arczenrick\IEEE\2026\January\20260110\64299-11344063-NU\64299-11344063-NU_11344130\Meta
2026-01-10 14:33:57,750 - INFO - ✓ Entered meta folder path
2026-01-10 14:33:58,251 - INFO - ✓ All paths entered successfully
2026-01-10 14:33:58,251 - INFO - 
======================================================================
2026-01-10 14:33:58,252 - INFO - PHASE 4: CLICK PROCESS BUTTON
2026-01-10 14:33:58,253 - INFO - ======================================================================
2026-01-10 14:33:58,253 - INFO - 
[4.1] Looking for 'Process' button...
2026-01-10 14:33:58,525 - INFO - Found 4 button(s)
2026-01-10 14:33:58,529 - INFO - ✓ Found 'Process' button
2026-01-10 14:33:58,529 - INFO - Clicking Process button...
2026-01-10 14:33:58,741 - INFO - ✓ Process button clicked
2026-01-10 14:33:59,742 - INFO - 
[4.2] Waiting for OK button popup...
2026-01-10 14:34:00,557 - INFO - ✓ OK button found by name! (after 0.0s)
2026-01-10 14:34:00,583 - INFO - ✓ Clicked OK button
2026-01-10 14:34:03,594 - INFO - 
[4.3] Moving Meta folder to Appout/UniqueID...
2026-01-10 14:34:03,596 - INFO - ✓ Found Meta folder in input: G:\My Drive\Arczenrick\IEEE\2026\January\20260110\64299-11344063-NU\64299-11344063-NU_11344130\Meta
2026-01-10 14:34:03,598 - INFO - ✓ Found Appout folder
2026-01-10 14:34:03,601 - INFO - ✓ Found unique ID folder: 64299_11344130
2026-01-10 14:34:03,609 - INFO - ✓ Moved Meta folder to unique ID folder
2026-01-10 14:34:03,611 - INFO -   From: G:\My Drive\Arczenrick\IEEE\2026\January\20260110\64299-11344063-NU\64299-11344063-NU_11344130\Meta
2026-01-10 14:34:03,612 - INFO -   To:   G:\My Drive\Arczenrick\IEEE\2026\January\20260110\64299-11344063-NU\64299-11344063-NU_11344130\Appout\64299_11344130\Meta
2026-01-10 14:34:03,613 - INFO - ✓ 64299-11344063-NU_11344130 processed successfully
2026-01-10 14:34:03,613 - INFO - 
Waiting 2 seconds before next item...
2026-01-10 14:34:05,616 - INFO - 
██████████████████████████████████████████████████████████████████████
2026-01-10 14:34:05,617 - INFO - PROCESSING ITEM 2/4
2026-01-10 14:34:05,617 - INFO - ██████████████████████████████████████████████████████████████████████
2026-01-10 14:34:05,618 - INFO - 
Item: 64299-11344063-NU_11344095
2026-01-10 14:34:05,618 - INFO - Input: G:\My Drive\Arczenrick\IEEE\2026\January\20260110\64299-11344063-NU\64299-11344063-NU_11344095
2026-01-10 14:34:05,618 - INFO - Meta:  G:\My Drive\Arczenrick\IEEE\2026\January\20260110\64299-11344063-NU\64299-11344063-NU_11344095\Meta
2026-01-10 14:34:05,619 - INFO - 
======================================================================
2026-01-10 14:34:05,619 - INFO - PHASE 3: INPUT FOLDER PATHS
2026-01-10 14:34:05,619 - INFO - ======================================================================
2026-01-10 14:34:06,650 - INFO - 
[3.1] Finding edit fields...
2026-01-10 14:34:07,483 - INFO - Found 2 Edit field(s)
2026-01-10 14:34:07,484 - INFO - ✓ Using fields by position
2026-01-10 14:34:07,484 - INFO - 
[3.2] Entering Input Folder path...
2026-01-10 14:34:07,485 - INFO -   Path: G:\My Drive\Arczenrick\IEEE\2026\January\20260110\64299-11344063-NU\64299-11344063-NU_11344095
2026-01-10 14:34:09,070 - INFO - ✓ Entered input folder path
2026-01-10 14:34:09,571 - INFO - 
[3.3] Entering Meta Folder path...
2026-01-10 14:34:09,571 - INFO -   Path: G:\My Drive\Arczenrick\IEEE\2026\January\20260110\64299-11344063-NU\64299-11344063-NU_11344095\Meta
2026-01-10 14:34:11,208 - INFO - ✓ Entered meta folder path
2026-01-10 14:34:11,710 - INFO - ✓ All paths entered successfully
2026-01-10 14:34:11,710 - INFO - 
======================================================================
2026-01-10 14:34:11,711 - INFO - PHASE 4: CLICK PROCESS BUTTON
2026-01-10 14:34:11,711 - INFO - ======================================================================
2026-01-10 14:34:11,711 - INFO - 
[4.1] Looking for 'Process' button...
2026-01-10 14:34:11,997 - INFO - Found 4 button(s)
2026-01-10 14:34:12,001 - INFO - ✓ Found 'Process' button
2026-01-10 14:34:12,001 - INFO - Clicking Process button...
2026-01-10 14:34:12,388 - INFO - ✓ Process button clicked
2026-01-10 14:34:13,389 - INFO - 
[4.2] Waiting for OK button popup...
2026-01-10 14:34:14,219 - INFO - ✓ OK button found by name! (after 0.0s)
2026-01-10 14:34:14,222 - INFO - ✓ Clicked OK button
2026-01-10 14:34:17,224 - INFO - 
[4.3] Moving Meta folder to Appout/UniqueID...
2026-01-10 14:34:17,226 - INFO - ✓ Found Meta folder in input: G:\My Drive\Arczenrick\IEEE\2026\January\20260110\64299-11344063-NU\64299-11344063-NU_11344095\Meta
2026-01-10 14:34:17,229 - INFO - ✓ Found Appout folder
2026-01-10 14:34:17,231 - INFO - ✓ Found unique ID folder: 64299_11344095
2026-01-10 14:34:17,239 - INFO - ✓ Moved Meta folder to unique ID folder
2026-01-10 14:34:17,240 - INFO -   From: G:\My Drive\Arczenrick\IEEE\2026\January\20260110\64299-11344063-NU\64299-11344063-NU_11344095\Meta
2026-01-10 14:34:17,241 - INFO -   To:   G:\My Drive\Arczenrick\IEEE\2026\January\20260110\64299-11344063-NU\64299-11344063-NU_11344095\Appout\64299_11344095\Meta
2026-01-10 14:34:17,242 - INFO - ✓ 64299-11344063-NU_11344095 processed successfully
2026-01-10 14:34:17,242 - INFO - 
Waiting 2 seconds before next item...
2026-01-10 14:34:19,243 - INFO - 
██████████████████████████████████████████████████████████████████████
2026-01-10 14:34:19,245 - INFO - PROCESSING ITEM 3/4
2026-01-10 14:34:19,246 - INFO - ██████████████████████████████████████████████████████████████████████
2026-01-10 14:34:19,246 - INFO - 
Item: 64299-11344063-NU_11344168
2026-01-10 14:34:19,246 - INFO - Input: G:\My Drive\Arczenrick\IEEE\2026\January\20260110\64299-11344063-NU\64299-11344063-NU_11344168
2026-01-10 14:34:19,247 - INFO - Meta:  G:\My Drive\Arczenrick\IEEE\2026\January\20260110\64299-11344063-NU\64299-11344063-NU_11344168\Meta
2026-01-10 14:34:19,247 - INFO - 
======================================================================
2026-01-10 14:34:19,248 - INFO - PHASE 3: INPUT FOLDER PATHS
2026-01-10 14:34:19,248 - INFO - ======================================================================
2026-01-10 14:34:20,249 - INFO - 
[3.1] Finding edit fields...
2026-01-10 14:34:20,605 - INFO - Found 2 Edit field(s)
2026-01-10 14:34:20,606 - INFO - ✓ Using fields by position
2026-01-10 14:34:20,606 - INFO - 
[3.2] Entering Input Folder path...
2026-01-10 14:34:20,607 - INFO -   Path: G:\My Drive\Arczenrick\IEEE\2026\January\20260110\64299-11344063-NU\64299-11344063-NU_11344168
2026-01-10 14:34:22,195 - INFO - ✓ Entered input folder path
2026-01-10 14:34:22,696 - INFO - 
[3.3] Entering Meta Folder path...
2026-01-10 14:34:22,696 - INFO -   Path: G:\My Drive\Arczenrick\IEEE\2026\January\20260110\64299-11344063-NU\64299-11344063-NU_11344168\Meta
2026-01-10 14:34:24,339 - INFO - ✓ Entered meta folder path
2026-01-10 14:34:24,840 - INFO - ✓ All paths entered successfully
2026-01-10 14:34:24,840 - INFO - 
======================================================================
2026-01-10 14:34:24,841 - INFO - PHASE 4: CLICK PROCESS BUTTON
2026-01-10 14:34:24,841 - INFO - ======================================================================
2026-01-10 14:34:24,842 - INFO - 
[4.1] Looking for 'Process' button...
2026-01-10 14:34:25,141 - INFO - Found 4 button(s)
2026-01-10 14:34:25,146 - INFO - ✓ Found 'Process' button
2026-01-10 14:34:25,146 - INFO - Clicking Process button...
2026-01-10 14:34:25,450 - INFO - ✓ Process button clicked
2026-01-10 14:34:26,451 - INFO - 
[4.2] Waiting for OK button popup...
2026-01-10 14:34:27,274 - INFO - ✓ OK button found by name! (after 0.0s)
2026-01-10 14:34:27,278 - INFO - ✓ Clicked OK button
2026-01-10 14:34:30,281 - INFO - 
[4.3] Moving Meta folder to Appout/UniqueID...
2026-01-10 14:34:30,283 - INFO - ✓ Found Meta folder in input: G:\My Drive\Arczenrick\IEEE\2026\January\20260110\64299-11344063-NU\64299-11344063-NU_11344168\Meta
2026-01-10 14:34:30,284 - INFO - ✓ Found Appout folder
2026-01-10 14:34:30,287 - INFO - ✓ Found unique ID folder: 64299_11344168
2026-01-10 14:34:30,296 - INFO - ✓ Moved Meta folder to unique ID folder
2026-01-10 14:34:30,297 - INFO -   From: G:\My Drive\Arczenrick\IEEE\2026\January\20260110\64299-11344063-NU\64299-11344063-NU_11344168\Meta
2026-01-10 14:34:30,300 - INFO -   To:   G:\My Drive\Arczenrick\IEEE\2026\January\20260110\64299-11344063-NU\64299-11344063-NU_11344168\Appout\64299_11344168\Meta
2026-01-10 14:34:30,301 - INFO - ✓ 64299-11344063-NU_11344168 processed successfully
2026-01-10 14:34:30,302 - INFO - 
Waiting 2 seconds before next item...
2026-01-10 14:34:32,303 - INFO - 
██████████████████████████████████████████████████████████████████████
2026-01-10 14:34:32,303 - INFO - PROCESSING ITEM 4/4
2026-01-10 14:34:32,304 - INFO - ██████████████████████████████████████████████████████████████████████
2026-01-10 14:34:32,304 - INFO - 
Item: 64299-11344063-NU_11344185
2026-01-10 14:34:32,305 - INFO - Input: G:\My Drive\Arczenrick\IEEE\2026\January\20260110\64299-11344063-NU\64299-11344063-NU_11344185
2026-01-10 14:34:32,305 - INFO - Meta:  G:\My Drive\Arczenrick\IEEE\2026\January\20260110\64299-11344063-NU\64299-11344063-NU_11344185\Meta
2026-01-10 14:34:32,305 - INFO - 
======================================================================
2026-01-10 14:34:32,306 - INFO - PHASE 3: INPUT FOLDER PATHS
2026-01-10 14:34:32,306 - INFO - ======================================================================
2026-01-10 14:34:33,309 - INFO - 
[3.1] Finding edit fields...
2026-01-10 14:34:33,688 - INFO - Found 2 Edit field(s)
2026-01-10 14:34:33,689 - INFO - ✓ Using fields by position
2026-01-10 14:34:33,690 - INFO - 
[3.2] Entering Input Folder path...
2026-01-10 14:34:33,691 - INFO -   Path: G:\My Drive\Arczenrick\IEEE\2026\January\20260110\64299-11344063-NU\64299-11344063-NU_11344185
2026-01-10 14:34:35,275 - INFO - ✓ Entered input folder path
2026-01-10 14:34:35,776 - INFO - 
[3.3] Entering Meta Folder path...
2026-01-10 14:34:35,776 - INFO -   Path: G:\My Drive\Arczenrick\IEEE\2026\January\20260110\64299-11344063-NU\64299-11344063-NU_11344185\Meta
2026-01-10 14:34:37,421 - INFO - ✓ Entered meta folder path
2026-01-10 14:34:37,922 - INFO - ✓ All paths entered successfully
2026-01-10 14:34:37,923 - INFO - 
======================================================================
2026-01-10 14:34:37,924 - INFO - PHASE 4: CLICK PROCESS BUTTON
2026-01-10 14:34:37,924 - INFO - ======================================================================
2026-01-10 14:34:37,925 - INFO - 
[4.1] Looking for 'Process' button...
2026-01-10 14:34:38,247 - INFO - Found 4 button(s)
2026-01-10 14:34:38,251 - INFO - ✓ Found 'Process' button
2026-01-10 14:34:38,252 - INFO - Clicking Process button...
2026-01-10 14:34:38,916 - INFO - ✓ Process button clicked
2026-01-10 14:34:39,917 - INFO - 
[4.2] Waiting for OK button popup...
2026-01-10 14:34:40,876 - INFO - ✓ OK button found by name! (after 0.0s)
2026-01-10 14:34:40,880 - INFO - ✓ Clicked OK button
2026-01-10 14:34:43,883 - INFO - 
[4.3] Moving Meta folder to Appout/UniqueID...
2026-01-10 14:34:43,885 - INFO - ✓ Found Meta folder in input: G:\My Drive\Arczenrick\IEEE\2026\January\20260110\64299-11344063-NU\64299-11344063-NU_11344185\Meta
2026-01-10 14:34:43,887 - INFO - ✓ Found Appout folder
2026-01-10 14:34:43,890 - INFO - ✓ Found unique ID folder: 64299_11344185
2026-01-10 14:34:43,901 - INFO - ✓ Moved Meta folder to unique ID folder
2026-01-10 14:34:43,901 - INFO -   From: G:\My Drive\Arczenrick\IEEE\2026\January\20260110\64299-11344063-NU\64299-11344063-NU_11344185\Meta
2026-01-10 14:34:43,902 - INFO -   To:   G:\My Drive\Arczenrick\IEEE\2026\January\20260110\64299-11344063-NU\64299-11344063-NU_11344185\Appout\64299_11344185\Meta
2026-01-10 14:34:43,905 - INFO - ✓ 64299-11344063-NU_11344185 processed successfully
2026-01-10 14:34:43,906 - INFO - 
======================================================================
2026-01-10 14:34:43,909 - INFO - PROCESSING COMPLETE - SUMMARY
2026-01-10 14:34:43,912 - INFO - ======================================================================
2026-01-10 14:34:43,915 - INFO - Total Items: 4
2026-01-10 14:34:43,916 - INFO - Successful: 4
2026-01-10 14:34:43,917 - INFO - Failed: 0
2026-01-10 14:34:43,918 - INFO - Success Rate: 100.0%
2026-01-10 14:34:43,918 - INFO - 
Log file: logs\upload_20260110_143341.log
2026-01-10 14:34:43,919 - INFO - ======================================================================
