2026-01-12 20:25:20,063 - INFO - Log file: logs\xcp_powerizec_20260112_202520.log
2026-01-12 20:25:20,064 - INFO - Loading Excel: G:\My Drive\VaveTech-IEEE-JAN.xlsx [Sheet1]
2026-01-12 20:25:20,479 - INFO - Excel loaded: 142 rows, 21 columns
2026-01-12 20:25:20,490 - INFO - Employee 'Haritha': 12 raw → 12 valid articles
2026-01-12 20:25:20,491 - INFO - Employee 'Jithendra': 12 raw → 12 valid articles
2026-01-12 20:25:20,492 - INFO - Employee 'Navya': 4 raw → 4 valid articles
2026-01-12 20:25:20,492 - INFO - Employee 'Sravanthi': 12 raw → 12 valid articles
2026-01-12 20:25:20,493 - INFO - Employee 'Swapna': 12 raw → 12 valid articles
2026-01-12 20:25:20,495 - INFO - Final: 5 employees, 52 total articles
2026-01-12 20:25:20,505 - INFO - ✓ Created/verified folder structure:
2026-01-12 20:25:20,505 - INFO -   Date folder: 20260112
2026-01-12 20:25:20,506 - INFO -   Associate: Haritha
2026-01-12 20:25:20,509 - INFO -   Full path: G:\My Drive\Arczenrick\IEEE\2025\December\20260112\Haritha
2026-01-12 20:25:20,510 - INFO - ======================================================================
2026-01-12 20:25:20,511 - INFO - PHASE 1: XCP ENVIRONMENT SELECTION
2026-01-12 20:25:20,511 - INFO - ======================================================================
2026-01-12 20:25:20,512 - INFO - 
[1.1] Starting XCP application...
2026-01-12 20:25:20,697 - INFO - ✓ XCP started
2026-01-12 20:25:23,702 - INFO - 
[1.2] Finding XCP window...
2026-01-12 20:25:26,606 - INFO - ✓ Found: XCP Integrated System - Environment Selection
2026-01-12 20:25:26,606 - INFO - 
[1.3] Clicking 'Start XCP Integrated System' button...
2026-01-12 20:25:26,658 - INFO - ✓ Found button: 'Start XCP Integrated System'
2026-01-12 20:25:26,671 - INFO - ✓ Button clicked!
2026-01-12 20:25:26,673 - INFO - 
======================================================================
2026-01-12 20:25:26,676 - INFO - PHASE 2: POWERIZEC DOWNLOADER
2026-01-12 20:25:26,734 - INFO - ======================================================================
2026-01-12 20:25:26,771 - INFO - 
[2.1] Waiting for PowerIZEC window...
2026-01-12 20:25:30,774 - INFO - ✓ PowerIZEC window found! (after 0.0s)
2026-01-12 20:25:31,779 - INFO - 
[2.2] Processing 1 article(s)...
2026-01-12 20:25:31,780 - INFO - Article IDs: 11341827
2026-01-12 20:25:31,960 - INFO - 
[Step 1] Selecting 'IEEE Meta' radio button...
2026-01-12 20:25:32,084 - INFO - ✓ IEEE Meta selected!
2026-01-12 20:25:33,085 - INFO - 
[Step 2] Finding 'Article Names' field...
2026-01-12 20:25:33,124 - INFO - ✓ Found 'Article Names' field
2026-01-12 20:25:33,127 - INFO - 
[Step 3] Entering Article IDs...
2026-01-12 20:25:34,072 - INFO - ✓ Entered 1 article ID(s) (method 1)
2026-01-12 20:25:34,573 - INFO - 
[Step 4] Setting Download Path...
2026-01-12 20:25:35,825 - INFO - ✓ Path set: G:\My Drive\Arczenrick\IEEE\2025\December\20260112\Haritha
2026-01-12 20:25:36,327 - INFO - 
[Step 5] Submitting download request...
2026-01-12 20:25:40,947 - INFO - ✓ Clicked 'Download' button
2026-01-12 20:25:42,948 - INFO - ✓ Download request submitted for 1 article(s)
2026-01-12 20:25:42,950 - INFO - 
======================================================================
2026-01-12 20:25:42,951 - INFO - WAITING FOR DOWNLOAD COMPLETION POPUP
2026-01-12 20:25:42,952 - INFO - ======================================================================
2026-01-12 20:25:42,958 - INFO - Monitoring for popup (timeout: 120s = 2min)
2026-01-12 20:25:51,605 - INFO - ✓ AUTO-CLICKED ''
2026-01-12 20:25:51,610 - INFO - 
[2.2] Processing 1 article(s)...
2026-01-12 20:25:51,612 - INFO - Article IDs: 11341831
2026-01-12 20:25:51,792 - INFO - 
[Step 1] Selecting 'IEEE Meta' radio button...
2026-01-12 20:25:51,911 - INFO - ✓ IEEE Meta selected!
2026-01-12 20:25:52,912 - INFO - 
[Step 2] Finding 'Article Names' field...
2026-01-12 20:25:52,948 - INFO - ✓ Found 'Article Names' field
2026-01-12 20:25:52,949 - INFO - 
[Step 3] Entering Article IDs...
2026-01-12 20:25:53,888 - INFO - ✓ Entered 1 article ID(s) (method 1)
2026-01-12 20:25:54,389 - INFO - 
[Step 4] Setting Download Path...
2026-01-12 20:25:55,618 - INFO - ✓ Path set: G:\My Drive\Arczenrick\IEEE\2025\December\20260112\Haritha
2026-01-12 20:25:56,119 - INFO - 
[Step 5] Submitting download request...
2026-01-12 20:26:00,195 - INFO - ⚠ No explicit submit button found - submission may be automatic
2026-01-12 20:26:02,196 - INFO - ✓ Download request submitted for 1 article(s)
2026-01-12 20:26:02,197 - INFO - 
======================================================================
2026-01-12 20:26:02,198 - INFO - WAITING FOR DOWNLOAD COMPLETION POPUP
2026-01-12 20:26:02,198 - INFO - ======================================================================
2026-01-12 20:26:02,199 - INFO - Monitoring for popup (timeout: 120s = 2min)
2026-01-12 20:26:57,029 - INFO - ✓ AUTO-CLICKED ''
2026-01-12 20:26:57,032 - INFO - 
[2.2] Processing 1 article(s)...
2026-01-12 20:26:57,032 - INFO - Article IDs: 11341834
2026-01-12 20:26:57,212 - INFO - 
[Step 1] Selecting 'IEEE Meta' radio button...
2026-01-12 20:26:57,330 - INFO - ✓ IEEE Meta selected!
2026-01-12 20:26:58,331 - INFO - 
[Step 2] Finding 'Article Names' field...
2026-01-12 20:26:58,376 - INFO - ✓ Found 'Article Names' field
2026-01-12 20:26:58,380 - INFO - 
[Step 3] Entering Article IDs...
2026-01-12 20:26:59,328 - INFO - ✓ Entered 1 article ID(s) (method 1)
2026-01-12 20:26:59,830 - INFO - 
[Step 4] Setting Download Path...
2026-01-12 20:27:01,041 - INFO - ✓ Path set: G:\My Drive\Arczenrick\IEEE\2025\December\20260112\Haritha
2026-01-12 20:27:01,542 - INFO - 
[Step 5] Submitting download request...
2026-01-12 20:28:04,602 - INFO - ⚠ No explicit submit button found - submission may be automatic
2026-01-12 20:28:06,605 - INFO - ✓ Download request submitted for 1 article(s)
2026-01-12 20:28:06,605 - INFO - 
======================================================================
2026-01-12 20:28:06,606 - INFO - WAITING FOR DOWNLOAD COMPLETION POPUP
2026-01-12 20:28:06,606 - INFO - ======================================================================
2026-01-12 20:28:06,607 - INFO - Monitoring for popup (timeout: 120s = 2min)
2026-01-12 20:28:11,855 - INFO - ✓ AUTO-CLICKED ''
2026-01-12 20:28:11,859 - INFO - 
[2.2] Processing 1 article(s)...
2026-01-12 20:28:11,861 - INFO - Article IDs: 11341855
2026-01-12 20:28:12,050 - INFO - 
[Step 1] Selecting 'IEEE Meta' radio button...
2026-01-12 20:28:12,178 - INFO - ✓ IEEE Meta selected!
2026-01-12 20:28:13,180 - INFO - 
[Step 2] Finding 'Article Names' field...
2026-01-12 20:28:13,219 - INFO - ✓ Found 'Article Names' field
2026-01-12 20:28:13,224 - INFO - 
[Step 3] Entering Article IDs...
2026-01-12 20:28:14,166 - INFO - ✓ Entered 1 article ID(s) (method 1)
2026-01-12 20:28:14,668 - INFO - 
[Step 4] Setting Download Path...
2026-01-12 20:28:15,884 - INFO - ✓ Path set: G:\My Drive\Arczenrick\IEEE\2025\December\20260112\Haritha
2026-01-12 20:28:16,386 - INFO - 
[Step 5] Submitting download request...
2026-01-12 20:28:20,459 - INFO - ⚠ No explicit submit button found - submission may be automatic
2026-01-12 20:28:22,461 - INFO - ✓ Download request submitted for 1 article(s)
2026-01-12 20:28:22,463 - INFO - 
======================================================================
2026-01-12 20:28:22,463 - INFO - WAITING FOR DOWNLOAD COMPLETION POPUP
2026-01-12 20:28:22,464 - INFO - ======================================================================
2026-01-12 20:28:22,466 - INFO - Monitoring for popup (timeout: 120s = 2min)
2026-01-12 20:29:44,712 - INFO - ✓ AUTO-CLICKED ''
2026-01-12 20:29:44,717 - INFO - 
[2.2] Processing 1 article(s)...
2026-01-12 20:29:44,718 - INFO - Article IDs: 11341858
2026-01-12 20:29:44,901 - INFO - 
[Step 1] Selecting 'IEEE Meta' radio button...
2026-01-12 20:29:45,022 - INFO - ✓ IEEE Meta selected!
2026-01-12 20:29:46,024 - INFO - 
[Step 2] Finding 'Article Names' field...
2026-01-12 20:29:46,059 - INFO - ✓ Found 'Article Names' field
2026-01-12 20:29:46,067 - INFO - 
[Step 3] Entering Article IDs...
2026-01-12 20:29:47,008 - INFO - ✓ Entered 1 article ID(s) (method 1)
2026-01-12 20:29:47,509 - INFO - 
[Step 4] Setting Download Path...
2026-01-12 20:29:48,723 - INFO - ✓ Path set: G:\My Drive\Arczenrick\IEEE\2025\December\20260112\Haritha
2026-01-12 20:29:49,224 - INFO - 
[Step 5] Submitting download request...
2026-01-12 20:29:53,277 - INFO - ⚠ No explicit submit button found - submission may be automatic
2026-01-12 20:29:55,278 - INFO - ✓ Download request submitted for 1 article(s)
2026-01-12 20:29:55,320 - INFO - 
======================================================================
2026-01-12 20:29:55,343 - INFO - WAITING FOR DOWNLOAD COMPLETION POPUP
2026-01-12 20:29:55,344 - INFO - ======================================================================
2026-01-12 20:29:55,347 - INFO - Monitoring for popup (timeout: 120s = 2min)
2026-01-12 20:31:44,793 - INFO - ✓ AUTO-CLICKED ''
2026-01-12 20:31:44,795 - INFO - 
[2.2] Processing 1 article(s)...
2026-01-12 20:31:44,795 - INFO - Article IDs: 11341862
2026-01-12 20:31:44,973 - INFO - 
[Step 1] Selecting 'IEEE Meta' radio button...
2026-01-12 20:31:45,625 - INFO - ✓ IEEE Meta selected!
2026-01-12 20:31:46,691 - INFO - 
[Step 2] Finding 'Article Names' field...
2026-01-12 20:31:46,701 - ERROR - ✗ Article Names field not found!
2026-01-12 20:31:46,706 - INFO - 
[2.2] Processing 1 article(s)...
2026-01-12 20:31:46,706 - INFO - Article IDs: 11341868
2026-01-12 20:31:46,707 - INFO - 
[Step 1] Selecting 'IEEE Meta' radio button...
2026-01-12 20:31:46,708 - INFO - 
[Step 2] Finding 'Article Names' field...
2026-01-12 20:31:46,709 - ERROR - ✗ Article Names field not found!
2026-01-12 20:31:46,712 - INFO - 
[2.2] Processing 1 article(s)...
2026-01-12 20:31:46,713 - INFO - Article IDs: 11341887
2026-01-12 20:31:46,714 - INFO - 
[Step 1] Selecting 'IEEE Meta' radio button...
2026-01-12 20:31:46,715 - INFO - 
[Step 2] Finding 'Article Names' field...
2026-01-12 20:31:46,716 - ERROR - ✗ Article Names field not found!
2026-01-12 20:31:46,718 - INFO - 
[2.2] Processing 1 article(s)...
2026-01-12 20:31:46,719 - INFO - Article IDs: 11341990
2026-01-12 20:31:46,721 - INFO - 
[Step 1] Selecting 'IEEE Meta' radio button...
2026-01-12 20:31:46,723 - INFO - 
[Step 2] Finding 'Article Names' field...
2026-01-12 20:31:46,724 - ERROR - ✗ Article Names field not found!
2026-01-12 20:31:46,727 - INFO - 
[2.2] Processing 1 article(s)...
2026-01-12 20:31:46,727 - INFO - Article IDs: 11341998
2026-01-12 20:31:46,729 - INFO - 
[Step 1] Selecting 'IEEE Meta' radio button...
2026-01-12 20:31:46,729 - INFO - 
[Step 2] Finding 'Article Names' field...
2026-01-12 20:31:46,731 - ERROR - ✗ Article Names field not found!
2026-01-12 20:31:46,732 - INFO - 
[2.2] Processing 1 article(s)...
2026-01-12 20:31:46,732 - INFO - Article IDs: 11342013
2026-01-12 20:31:46,734 - INFO - 
[Step 1] Selecting 'IEEE Meta' radio button...
2026-01-12 20:31:46,737 - INFO - 
[Step 2] Finding 'Article Names' field...
2026-01-12 20:31:46,738 - ERROR - ✗ Article Names field not found!
2026-01-12 20:31:46,740 - INFO - 
[2.2] Processing 1 article(s)...
2026-01-12 20:31:46,742 - INFO - Article IDs: 11342148
2026-01-12 20:31:46,743 - INFO - 
[Step 1] Selecting 'IEEE Meta' radio button...
2026-01-12 20:31:46,744 - INFO - 
[Step 2] Finding 'Article Names' field...
2026-01-12 20:31:46,745 - ERROR - ✗ Article Names field not found!
