2026-01-12 20:23:03,804 - INFO - Log file: logs\xcp_powerizec_20260112_202303.log
2026-01-12 20:23:03,811 - INFO - Loading Excel: G:\My Drive\VaveTech-IEEE-JAN.xlsx [Sheet1]
2026-01-12 20:23:04,256 - INFO - Excel loaded: 142 rows, 21 columns
2026-01-12 20:23:04,267 - INFO - Employee 'Haritha': 12 raw → 12 valid articles
2026-01-12 20:23:04,267 - INFO - Employee 'Jithendra': 12 raw → 12 valid articles
2026-01-12 20:23:04,268 - INFO - Employee 'Navya': 4 raw → 4 valid articles
2026-01-12 20:23:04,269 - INFO - Employee 'Sravanthi': 12 raw → 12 valid articles
2026-01-12 20:23:04,270 - INFO - Employee 'Swapna': 12 raw → 12 valid articles
2026-01-12 20:23:04,271 - INFO - Final: 5 employees, 52 total articles
2026-01-12 20:23:04,286 - INFO - ✓ Created/verified folder structure:
2026-01-12 20:23:04,286 - INFO -   Date folder: 20260112
2026-01-12 20:23:04,286 - INFO -   Associate: Haritha
2026-01-12 20:23:04,287 - INFO -   Full path: G:\My Drive\Arczenrick\IEEE\2025\December\20260112\Haritha
2026-01-12 20:23:04,289 - INFO - ======================================================================
2026-01-12 20:23:04,290 - INFO - PHASE 1: XCP ENVIRONMENT SELECTION
2026-01-12 20:23:04,291 - INFO - ======================================================================
2026-01-12 20:23:04,293 - INFO - 
[1.1] Starting XCP application...
2026-01-12 20:23:04,553 - INFO - ✓ XCP started
2026-01-12 20:23:07,554 - INFO - 
[1.2] Finding XCP window...
2026-01-12 20:23:10,660 - INFO - ✓ Found: XCP Integrated System - Environment Selection
2026-01-12 20:23:10,671 - INFO - 
[1.3] Clicking 'Start XCP Integrated System' button...
2026-01-12 20:23:10,727 - INFO - ✓ Found button: 'Start XCP Integrated System'
2026-01-12 20:23:10,747 - INFO - ✓ Button clicked!
2026-01-12 20:23:10,749 - INFO - 
======================================================================
2026-01-12 20:23:10,751 - INFO - PHASE 2: POWERIZEC DOWNLOADER
2026-01-12 20:23:10,754 - INFO - ======================================================================
2026-01-12 20:23:10,832 - INFO - 
[2.1] Waiting for PowerIZEC window...
2026-01-12 20:23:18,277 - INFO - ✓ PowerIZEC window found! (after 4.7s)
2026-01-12 20:23:19,649 - INFO - 
======================================================================
2026-01-12 20:23:19,649 - INFO - WAITING FOR DOWNLOAD COMPLETION POPUP
2026-01-12 20:23:19,649 - INFO - ======================================================================
2026-01-12 20:23:19,651 - INFO - Monitoring for popup (timeout: 180s = 3min)
2026-01-12 20:23:27,148 - INFO - ✓ AUTO-CLICKED 'Close'
