2026-01-12 20:02:56,897 - INFO - Log file: logs\xcp_powerizec_20260112_200256.log
2026-01-12 20:02:56,901 - INFO - Loading Excel: G:\My Drive\VaveTech-IEEE-JAN.xlsx [Sheet1]
2026-01-12 20:02:57,345 - INFO - Excel loaded: 142 rows, 21 columns
2026-01-12 20:02:57,355 - INFO - Employee 'Haritha': 12 raw → 12 valid articles
2026-01-12 20:02:57,356 - INFO - Employee 'Jithendra': 12 raw → 12 valid articles
2026-01-12 20:02:57,357 - INFO - Employee 'Navya': 4 raw → 4 valid articles
2026-01-12 20:02:57,358 - INFO - Employee 'Sravanthi': 12 raw → 12 valid articles
2026-01-12 20:02:57,358 - INFO - Employee 'Swapna': 12 raw → 12 valid articles
2026-01-12 20:02:57,360 - INFO - Final: 5 employees, 52 total articles
2026-01-12 20:02:57,375 - INFO - ✓ Created/verified folder structure:
2026-01-12 20:02:57,377 - INFO -   Date folder: 20260112
2026-01-12 20:02:57,378 - INFO -   Associate: Haritha
2026-01-12 20:02:57,378 - INFO -   Full path: G:\My Drive\Arczenrick\IEEE\2025\December\20260112\Haritha
2026-01-12 20:02:57,384 - INFO - ======================================================================
2026-01-12 20:02:57,385 - INFO - PHASE 1: XCP ENVIRONMENT SELECTION
2026-01-12 20:02:57,385 - INFO - ======================================================================
2026-01-12 20:02:57,386 - INFO - 
[1.1] Starting XCP application...
2026-01-12 20:02:57,594 - INFO - ✓ XCP started
2026-01-12 20:03:00,599 - INFO - 
[1.2] Finding XCP window...
2026-01-12 20:03:03,506 - INFO - ✓ Found: XCP Integrated System - Environment Selection
2026-01-12 20:03:03,507 - INFO - 
[1.3] Clicking 'Start XCP Integrated System' button...
2026-01-12 20:03:03,559 - INFO - ✓ Found button: 'Start XCP Integrated System'
2026-01-12 20:03:03,573 - INFO - ✓ Button clicked!
2026-01-12 20:03:03,575 - INFO - 
======================================================================
2026-01-12 20:03:03,577 - INFO - PHASE 2: POWERIZEC DOWNLOADER
2026-01-12 20:03:03,578 - INFO - ======================================================================
2026-01-12 20:03:03,657 - INFO - 
[2.1] Waiting for PowerIZEC window...
2026-01-12 20:03:11,194 - INFO - ✓ PowerIZEC window found! (after 4.7s)
2026-01-12 20:03:12,196 - INFO - 
[2.2] Processing 1 article(s)...
2026-01-12 20:03:12,196 - INFO - Article IDs: 11341827
2026-01-12 20:03:12,377 - INFO - 
[Step 1] Selecting 'IEEE Meta' radio button...
2026-01-12 20:03:12,502 - INFO - ✓ IEEE Meta selected!
2026-01-12 20:03:13,503 - INFO - 
[Step 2] Finding 'Article Names' field...
2026-01-12 20:03:13,540 - INFO - ✓ Found 'Article Names' field
2026-01-12 20:03:13,541 - INFO - 
[Step 3] Entering Article IDs...
2026-01-12 20:03:14,493 - INFO - ✓ Entered 1 article ID(s) (method 1)
2026-01-12 20:03:14,995 - INFO - 
[Step 4] Setting Download Path...
2026-01-12 20:03:16,218 - INFO - ✓ Path set: G:\My Drive\Arczenrick\IEEE\2025\December\20260112\Haritha
2026-01-12 20:03:16,720 - INFO - 
[Step 5] Submitting download request...
2026-01-12 20:03:20,780 - INFO - ⚠ No explicit submit button found - submission may be automatic
2026-01-12 20:03:22,782 - INFO - ✓ Download request submitted for 1 article(s)
2026-01-12 20:03:22,786 - INFO - 
======================================================================
2026-01-12 20:03:22,787 - INFO - WAITING FOR DOWNLOAD COMPLETION POPUP
2026-01-12 20:03:22,788 - INFO - ======================================================================
2026-01-12 20:03:22,798 - INFO - Monitoring for popup (timeout: 120s = 2min)
2026-01-12 20:03:43,217 - INFO - ✓ AUTO-CLICKED ''
2026-01-12 20:03:45,226 - INFO - ======================================================================
2026-01-12 20:03:45,227 - INFO - PHASE 1: XCP ENVIRONMENT SELECTION
2026-01-12 20:03:45,228 - INFO - ======================================================================
2026-01-12 20:03:45,230 - INFO - 
[1.1] Starting XCP application...
2026-01-12 20:03:45,430 - INFO - ✓ XCP started
2026-01-12 20:03:48,433 - INFO - 
[1.2] Finding XCP window...
2026-01-12 20:03:51,999 - INFO - ✓ Found: XCP Integrated System - Environment Selection
2026-01-12 20:03:52,000 - INFO - 
[1.3] Clicking 'Start XCP Integrated System' button...
2026-01-12 20:03:52,060 - INFO - ✓ Found button: 'Start XCP Integrated System'
2026-01-12 20:03:52,075 - INFO - ✓ Button clicked!
2026-01-12 20:03:52,076 - INFO - 
======================================================================
2026-01-12 20:03:52,083 - INFO - PHASE 2: POWERIZEC DOWNLOADER
2026-01-12 20:03:52,107 - INFO - ======================================================================
2026-01-12 20:03:52,111 - INFO - 
[2.1] Waiting for PowerIZEC window...
2026-01-12 20:03:56,666 - INFO - ✓ PowerIZEC window found! (after 0.0s)
2026-01-12 20:03:57,667 - INFO - 
[2.2] Processing 1 article(s)...
2026-01-12 20:03:57,667 - INFO - Article IDs: 11341831
2026-01-12 20:03:57,839 - INFO - 
[Step 1] Selecting 'IEEE Meta' radio button...
2026-01-12 20:03:57,958 - INFO - ✓ IEEE Meta selected!
2026-01-12 20:03:58,960 - INFO - 
[Step 2] Finding 'Article Names' field...
2026-01-12 20:03:58,991 - INFO - ✓ Found 'Article Names' field
2026-01-12 20:03:58,992 - INFO - 
[Step 3] Entering Article IDs...
2026-01-12 20:03:59,939 - INFO - ✓ Entered 1 article ID(s) (method 1)
2026-01-12 20:04:00,440 - INFO - 
[Step 4] Setting Download Path...
2026-01-12 20:04:01,652 - INFO - ✓ Path set: G:\My Drive\Arczenrick\IEEE\2025\December\20260112\Haritha
2026-01-12 20:04:02,154 - INFO - 
[Step 5] Submitting download request...
2026-01-12 20:05:04,251 - INFO - ⚠ No explicit submit button found - submission may be automatic
2026-01-12 20:05:06,252 - INFO - ✓ Download request submitted for 1 article(s)
2026-01-12 20:05:06,253 - INFO - 
======================================================================
2026-01-12 20:05:06,253 - INFO - WAITING FOR DOWNLOAD COMPLETION POPUP
2026-01-12 20:05:06,254 - INFO - ======================================================================
2026-01-12 20:05:06,255 - INFO - Monitoring for popup (timeout: 120s = 2min)
2026-01-12 20:05:14,443 - INFO - ✓ AUTO-CLICKED ''
2026-01-12 20:05:16,445 - INFO - ======================================================================
2026-01-12 20:05:16,445 - INFO - PHASE 1: XCP ENVIRONMENT SELECTION
2026-01-12 20:05:16,446 - INFO - ======================================================================
2026-01-12 20:05:16,447 - INFO - 
[1.1] Starting XCP application...
2026-01-12 20:05:16,632 - INFO - ✓ XCP started
2026-01-12 20:05:19,635 - INFO - 
[1.2] Finding XCP window...
2026-01-12 20:05:22,483 - INFO - ✓ Found: XCP Integrated System - Environment Selection
2026-01-12 20:05:22,483 - INFO - 
[1.3] Clicking 'Start XCP Integrated System' button...
2026-01-12 20:05:22,535 - INFO - ✓ Found button: 'Start XCP Integrated System'
2026-01-12 20:05:22,550 - INFO - ✓ Button clicked!
2026-01-12 20:05:22,552 - INFO - 
======================================================================
2026-01-12 20:05:22,599 - INFO - PHASE 2: POWERIZEC DOWNLOADER
2026-01-12 20:05:22,600 - INFO - ======================================================================
2026-01-12 20:05:22,602 - INFO - 
[2.1] Waiting for PowerIZEC window...
2026-01-12 20:05:26,585 - INFO - ✓ PowerIZEC window found! (after 0.0s)
2026-01-12 20:05:27,586 - INFO - 
[2.2] Processing 1 article(s)...
2026-01-12 20:05:27,587 - INFO - Article IDs: 11341834
2026-01-12 20:05:27,632 - INFO - 
[Step 1] Selecting 'IEEE Meta' radio button...
2026-01-12 20:05:27,635 - INFO - 
[Step 2] Finding 'Article Names' field...
2026-01-12 20:05:27,637 - ERROR - ✗ Article Names field not found!
2026-01-12 20:05:29,639 - INFO - ======================================================================
2026-01-12 20:05:29,640 - INFO - PHASE 1: XCP ENVIRONMENT SELECTION
2026-01-12 20:05:29,641 - INFO - ======================================================================
2026-01-12 20:05:29,645 - INFO - 
[1.1] Starting XCP application...
2026-01-12 20:05:29,847 - INFO - ✓ XCP started
2026-01-12 20:05:32,849 - INFO - 
[1.2] Finding XCP window...
2026-01-12 20:05:36,065 - INFO - ✓ Found: XCP Integrated System - Environment Selection
2026-01-12 20:05:36,066 - INFO - 
[1.3] Clicking 'Start XCP Integrated System' button...
2026-01-12 20:05:36,125 - INFO - ✓ Found button: 'Start XCP Integrated System'
2026-01-12 20:05:36,157 - INFO - ✓ Button clicked!
2026-01-12 20:05:36,206 - INFO - 
======================================================================
2026-01-12 20:05:36,210 - INFO - PHASE 2: POWERIZEC DOWNLOADER
2026-01-12 20:05:36,214 - INFO - ======================================================================
2026-01-12 20:05:36,217 - INFO - 
[2.1] Waiting for PowerIZEC window...
2026-01-12 20:05:40,190 - INFO - ✓ PowerIZEC window found! (after 0.0s)
2026-01-12 20:05:41,192 - INFO - 
[2.2] Processing 1 article(s)...
2026-01-12 20:05:41,193 - INFO - Article IDs: 11341855
2026-01-12 20:05:41,402 - INFO - 
[Step 1] Selecting 'IEEE Meta' radio button...
2026-01-12 20:05:41,532 - INFO - ✓ IEEE Meta selected!
2026-01-12 20:05:42,534 - INFO - 
[Step 2] Finding 'Article Names' field...
2026-01-12 20:05:42,548 - INFO - ✓ Found 'Article Names' field
2026-01-12 20:05:42,551 - INFO - 
[Step 3] Entering Article IDs...
2026-01-12 20:05:43,487 - INFO - ✓ Entered 1 article ID(s) (method 1)
2026-01-12 20:05:43,988 - INFO - 
[Step 4] Setting Download Path...
2026-01-12 20:05:45,262 - INFO - ✓ Path set: G:\My Drive\Arczenrick\IEEE\2025\December\20260112\Haritha
2026-01-12 20:05:45,764 - INFO - 
[Step 5] Submitting download request...
