2026-01-12 20:42:40,637 - INFO - Log file: logs\xcp_powerizec_20260112_204240.log
2026-01-12 20:42:40,640 - INFO - Loading Excel: G:\My Drive\VaveTech-IEEE-JAN.xlsx [Sheet1]
2026-01-12 20:42:41,171 - INFO - Excel loaded: 142 rows, 21 columns
2026-01-12 20:42:41,184 - INFO - Employee 'Haritha': 12 raw → 12 valid articles
2026-01-12 20:42:41,184 - INFO - Employee 'Jithendra': 12 raw → 12 valid articles
2026-01-12 20:42:41,185 - INFO - Employee 'Navya': 4 raw → 4 valid articles
2026-01-12 20:42:41,186 - INFO - Employee 'Sravanthi': 12 raw → 12 valid articles
2026-01-12 20:42:41,187 - INFO - Employee 'Swapna': 12 raw → 12 valid articles
2026-01-12 20:42:41,188 - INFO - Final: 5 employees, 52 total articles
2026-01-12 20:42:41,203 - INFO - ✓ Created/verified folder structure:
2026-01-12 20:42:41,204 - INFO -   Date folder: 20260112
2026-01-12 20:42:41,204 - INFO -   Associate: Haritha
2026-01-12 20:42:41,204 - INFO -   Full path: G:\My Drive\Arczenrick\IEEE\2025\December\20260112\Haritha
2026-01-12 20:42:41,205 - INFO - ======================================================================
2026-01-12 20:42:41,205 - INFO - PHASE 1: XCP ENVIRONMENT SELECTION
2026-01-12 20:42:41,206 - INFO - ======================================================================
2026-01-12 20:42:41,207 - INFO - 
[1.1] Starting XCP application...
2026-01-12 20:42:41,503 - INFO - ✓ XCP started
2026-01-12 20:42:51,504 - INFO - 
[1.2] Finding XCP window...
2026-01-12 20:42:54,348 - INFO - ✓ Found: XCP Integrated System - Environment Selection
2026-01-12 20:42:54,349 - INFO - 
[1.3] Clicking 'Start XCP Integrated System' button...
2026-01-12 20:42:54,397 - INFO - ✓ Found button: 'Start XCP Integrated System'
2026-01-12 20:42:54,412 - INFO - ✓ Button clicked!
2026-01-12 20:42:54,421 - INFO - 
======================================================================
2026-01-12 20:42:54,486 - INFO - PHASE 2: POWERIZEC DOWNLOADER
2026-01-12 20:42:54,487 - INFO - ======================================================================
2026-01-12 20:42:54,497 - INFO - 
[2.1] Waiting for PowerIZEC window...
2026-01-12 20:42:58,405 - INFO - ✓ PowerIZEC window found! (after 0.0s)
2026-01-12 20:43:03,409 - INFO - 
[2.2] Processing 1 article(s)...
2026-01-12 20:43:03,410 - INFO - Article IDs: 11341827
2026-01-12 20:43:03,595 - INFO - 
[Step 1] Selecting 'IEEE Meta' radio button...
2026-01-12 20:43:03,716 - INFO - ✓ IEEE Meta selected!
2026-01-12 20:43:04,717 - INFO - 
[Step 2] Finding 'Article Names' field...
2026-01-12 20:43:04,732 - INFO - ✓ Found 'Article Names' field
2026-01-12 20:43:04,733 - INFO - 
[Step 3] Entering Article IDs...
2026-01-12 20:43:05,675 - INFO - ✓ Entered 1 article ID(s) (method 1)
2026-01-12 20:43:06,176 - INFO - 
[Step 4] Setting Download Path...
2026-01-12 20:43:07,397 - INFO - ✓ Path set: G:\My Drive\Arczenrick\IEEE\2025\December\20260112\Haritha
2026-01-12 20:43:07,898 - INFO - 
[Step 5] Submitting download request...
2026-01-12 20:43:11,990 - INFO - ⚠ No explicit submit button found - submission may be automatic
2026-01-12 20:43:13,992 - INFO - ✓ Download request submitted for 1 article(s)
2026-01-12 20:43:13,994 - INFO - 
======================================================================
2026-01-12 20:43:13,995 - INFO - WAITING FOR DOWNLOAD COMPLETION POPUP
2026-01-12 20:43:13,996 - INFO - ======================================================================
2026-01-12 20:43:13,999 - INFO - Monitoring for popup (timeout: 300s = 5min)
