2026-01-12 20:17:47,647 - INFO - Log file: logs\xcp_powerizec_20260112_201747.log
2026-01-12 20:17:47,649 - INFO - Loading Excel: G:\My Drive\VaveTech-IEEE-JAN.xlsx [Sheet1]
2026-01-12 20:17:48,050 - INFO - Excel loaded: 142 rows, 21 columns
2026-01-12 20:17:48,060 - INFO - Employee 'Haritha': 12 raw → 12 valid articles
2026-01-12 20:17:48,061 - INFO - Employee 'Jithendra': 12 raw → 12 valid articles
2026-01-12 20:17:48,062 - INFO - Employee 'Navya': 4 raw → 4 valid articles
2026-01-12 20:17:48,062 - INFO - Employee 'Sravanthi': 12 raw → 12 valid articles
2026-01-12 20:17:48,063 - INFO - Employee 'Swapna': 12 raw → 12 valid articles
2026-01-12 20:17:48,064 - INFO - Final: 5 employees, 52 total articles
2026-01-12 20:17:48,081 - INFO - ✓ Created/verified folder structure:
2026-01-12 20:17:48,081 - INFO -   Date folder: 20260112
2026-01-12 20:17:48,082 - INFO -   Associate: Haritha
2026-01-12 20:17:48,082 - INFO -   Full path: G:\My Drive\Arczenrick\IEEE\2025\December\20260112\Haritha
2026-01-12 20:17:48,083 - INFO - ======================================================================
2026-01-12 20:17:48,084 - INFO - PHASE 1: XCP ENVIRONMENT SELECTION
2026-01-12 20:17:48,084 - INFO - ======================================================================
2026-01-12 20:17:48,086 - INFO - 
[1.1] Starting XCP application...
2026-01-12 20:17:48,375 - INFO - ✓ XCP started
2026-01-12 20:17:51,377 - INFO - 
[1.2] Finding XCP window...
2026-01-12 20:17:54,322 - ERROR - ✗ XCP window not found
2026-01-12 20:18:04,332 - INFO - ✓ Created/verified folder structure:
2026-01-12 20:18:04,333 - INFO -   Date folder: 20260112
2026-01-12 20:18:04,333 - INFO -   Associate: Jithendra
2026-01-12 20:18:04,335 - INFO -   Full path: G:\My Drive\Arczenrick\IEEE\2025\December\20260112\Jithendra
2026-01-12 20:18:04,338 - INFO - ======================================================================
2026-01-12 20:18:04,339 - INFO - PHASE 1: XCP ENVIRONMENT SELECTION
2026-01-12 20:18:04,341 - INFO - ======================================================================
2026-01-12 20:18:04,344 - INFO - 
[1.1] Starting XCP application...
2026-01-12 20:18:04,545 - INFO - ✓ XCP started
2026-01-12 20:18:07,546 - INFO - 
[1.2] Finding XCP window...
2026-01-12 20:18:10,678 - INFO - ✓ Found: XCP Integrated System - Environment Selection
2026-01-12 20:18:10,678 - INFO - 
[1.3] Clicking 'Start XCP Integrated System' button...
2026-01-12 20:18:10,736 - INFO - ✓ Found button: 'Start XCP Integrated System'
2026-01-12 20:18:10,753 - INFO - ✓ Button clicked!
2026-01-12 20:18:19,453 - INFO - 
======================================================================
2026-01-12 20:18:19,453 - INFO - WAITING FOR DOWNLOAD COMPLETION POPUP
2026-01-12 20:18:19,454 - INFO - ======================================================================
2026-01-12 20:18:19,455 - INFO - Monitoring for popup (timeout: 180s = 3min)
2026-01-12 20:18:28,357 - INFO - ✓ AUTO-CLICKED ''
