2026-01-12 20:13:59,656 - INFO - Log file: logs\xcp_powerizec_20260112_201359.log
2026-01-12 20:13:59,659 - INFO - Loading Excel: G:\My Drive\VaveTech-IEEE-JAN.xlsx [Sheet1]
2026-01-12 20:14:00,084 - INFO - Excel loaded: 142 rows, 21 columns
2026-01-12 20:14:00,099 - INFO - Employee 'Haritha': 12 raw → 12 valid articles
2026-01-12 20:14:00,099 - INFO - Employee 'Jithendra': 12 raw → 12 valid articles
2026-01-12 20:14:00,101 - INFO - Employee 'Navya': 4 raw → 4 valid articles
2026-01-12 20:14:00,101 - INFO - Employee 'Sravanthi': 12 raw → 12 valid articles
2026-01-12 20:14:00,102 - INFO - Employee 'Swapna': 12 raw → 12 valid articles
2026-01-12 20:14:00,105 - INFO - Final: 5 employees, 52 total articles
2026-01-12 20:14:00,119 - INFO - ✓ Created/verified folder structure:
2026-01-12 20:14:00,119 - INFO -   Date folder: 20260112
2026-01-12 20:14:00,120 - INFO -   Associate: Haritha
2026-01-12 20:14:00,120 - INFO -   Full path: G:\My Drive\Arczenrick\IEEE\2025\December\20260112\Haritha
2026-01-12 20:14:00,122 - INFO - ======================================================================
2026-01-12 20:14:00,123 - INFO - PHASE 1: XCP ENVIRONMENT SELECTION
2026-01-12 20:14:00,123 - INFO - ======================================================================
2026-01-12 20:14:00,125 - INFO - 
[1.1] Starting XCP application...
2026-01-12 20:14:00,375 - INFO - ✓ XCP started
2026-01-12 20:14:03,378 - INFO - 
[1.2] Finding XCP window...
2026-01-12 20:14:06,899 - ERROR - ✗ XCP window not found
2026-01-12 20:14:16,954 - INFO - ✓ Created/verified folder structure:
2026-01-12 20:14:16,955 - INFO -   Date folder: 20260112
2026-01-12 20:14:16,956 - INFO -   Associate: Jithendra
2026-01-12 20:14:16,959 - INFO -   Full path: G:\My Drive\Arczenrick\IEEE\2025\December\20260112\Jithendra
2026-01-12 20:14:16,962 - INFO - ======================================================================
2026-01-12 20:14:16,962 - INFO - PHASE 1: XCP ENVIRONMENT SELECTION
2026-01-12 20:14:16,963 - INFO - ======================================================================
2026-01-12 20:14:16,964 - INFO - 
[1.1] Starting XCP application...
2026-01-12 20:14:17,245 - INFO - ✓ XCP started
