2026-01-12 20:14:23,433 - INFO - Log file: logs\xcp_powerizec_20260112_201423.log
2026-01-12 20:14:23,434 - INFO - Loading Excel: G:\My Drive\VaveTech-IEEE-JAN.xlsx [Sheet1]
2026-01-12 20:14:23,805 - INFO - Excel loaded: 142 rows, 21 columns
2026-01-12 20:14:23,816 - INFO - Employee 'Haritha': 12 raw → 12 valid articles
2026-01-12 20:14:23,821 - INFO - Employee 'Jithendra': 12 raw → 12 valid articles
2026-01-12 20:14:23,822 - INFO - Employee 'Navya': 4 raw → 4 valid articles
2026-01-12 20:14:23,828 - INFO - Employee 'Sravanthi': 12 raw → 12 valid articles
2026-01-12 20:14:23,830 - INFO - Employee 'Swapna': 12 raw → 12 valid articles
2026-01-12 20:14:23,831 - INFO - Final: 5 employees, 52 total articles
2026-01-12 20:14:23,845 - INFO - ✓ Created/verified folder structure:
2026-01-12 20:14:23,846 - INFO -   Date folder: 20260112
2026-01-12 20:14:23,846 - INFO -   Associate: Haritha
2026-01-12 20:14:23,846 - INFO -   Full path: G:\My Drive\Arczenrick\IEEE\2025\December\20260112\Haritha
2026-01-12 20:14:23,847 - INFO - ======================================================================
2026-01-12 20:14:23,848 - INFO - PHASE 1: XCP ENVIRONMENT SELECTION
2026-01-12 20:14:23,848 - INFO - ======================================================================
2026-01-12 20:14:23,849 - INFO - 
[1.1] Starting XCP application...
2026-01-12 20:14:24,042 - INFO - ✓ XCP started
2026-01-12 20:14:27,060 - INFO - 
[1.2] Finding XCP window...
2026-01-12 20:14:30,202 - INFO - ✓ Found: XCP Integrated System - Environment Selection
2026-01-12 20:14:30,202 - INFO - 
[1.3] Clicking 'Start XCP Integrated System' button...
2026-01-12 20:14:30,255 - INFO - ✓ Found button: 'Start XCP Integrated System'
2026-01-12 20:14:30,268 - INFO - ✓ Button clicked!
2026-01-12 20:14:30,269 - INFO - 
======================================================================
2026-01-12 20:14:30,272 - INFO - PHASE 2: POWERIZEC DOWNLOADER
2026-01-12 20:14:30,274 - INFO - ======================================================================
2026-01-12 20:14:30,367 - INFO - 
[2.1] Waiting for PowerIZEC window...
2026-01-12 20:14:46,978 - INFO - ✓ PowerIZEC window found! (after 13.6s)
2026-01-12 20:15:29,281 - INFO - 
======================================================================
2026-01-12 20:15:29,282 - INFO - WAITING FOR DOWNLOAD COMPLETION POPUP
2026-01-12 20:15:29,282 - INFO - ======================================================================
2026-01-12 20:15:29,283 - INFO - Monitoring for popup (timeout: 120s = 2min)
2026-01-12 20:15:37,868 - INFO - ✓ AUTO-CLICKED ''
