2026-01-12 20:10:12,157 - INFO - Log file: logs\xcp_powerizec_20260112_201012.log
2026-01-12 20:10:12,159 - INFO - Loading Excel: G:\My Drive\VaveTech-IEEE-JAN.xlsx [Sheet1]
2026-01-12 20:10:12,570 - INFO - Excel loaded: 142 rows, 21 columns
2026-01-12 20:10:12,582 - INFO - Employee 'Haritha': 12 raw → 12 valid articles
2026-01-12 20:10:12,583 - INFO - Employee 'Jithendra': 12 raw → 12 valid articles
2026-01-12 20:10:12,585 - INFO - Employee 'Navya': 4 raw → 4 valid articles
2026-01-12 20:10:12,586 - INFO - Employee 'Sravanthi': 12 raw → 12 valid articles
2026-01-12 20:10:12,587 - INFO - Employee 'Swapna': 12 raw → 12 valid articles
2026-01-12 20:10:12,588 - INFO - Final: 5 employees, 52 total articles
2026-01-12 20:10:12,602 - INFO - ✓ Created/verified folder structure:
2026-01-12 20:10:12,603 - INFO -   Date folder: 20260112
2026-01-12 20:10:12,603 - INFO -   Associate: Haritha
2026-01-12 20:10:12,603 - INFO -   Full path: G:\My Drive\Arczenrick\IEEE\2025\December\20260112\Haritha
2026-01-12 20:10:12,604 - INFO - ======================================================================
2026-01-12 20:10:12,605 - INFO - PHASE 1: XCP ENVIRONMENT SELECTION
2026-01-12 20:10:12,605 - INFO - ======================================================================
2026-01-12 20:10:12,606 - INFO - 
[1.1] Starting XCP application...
2026-01-12 20:10:12,822 - INFO - ✓ XCP started
2026-01-12 20:10:15,837 - INFO - 
[1.2] Finding XCP window...
2026-01-12 20:10:18,715 - INFO - ✓ Found: XCP Integrated System - Environment Selection
2026-01-12 20:10:18,716 - INFO - 
[1.3] Clicking 'Start XCP Integrated System' button...
2026-01-12 20:10:18,768 - INFO - ✓ Found button: 'Start XCP Integrated System'
2026-01-12 20:10:18,781 - INFO - ✓ Button clicked!
2026-01-12 20:10:18,783 - INFO - 
======================================================================
2026-01-12 20:10:18,785 - INFO - PHASE 2: POWERIZEC DOWNLOADER
2026-01-12 20:10:18,786 - INFO - ======================================================================
2026-01-12 20:10:18,890 - INFO - 
[2.1] Waiting for PowerIZEC window...
2026-01-12 20:10:26,324 - INFO - ✓ PowerIZEC window found! (after 4.6s)
2026-01-12 20:10:33,510 - INFO - 
======================================================================
2026-01-12 20:10:33,523 - INFO - WAITING FOR DOWNLOAD COMPLETION POPUP
2026-01-12 20:10:33,530 - INFO - ======================================================================
2026-01-12 20:10:33,547 - INFO - Monitoring for popup (timeout: 120s = 2min)
2026-01-12 20:10:42,062 - INFO - ✓ AUTO-CLICKED ''
2026-01-12 20:10:42,067 - INFO - 
======================================================================
2026-01-12 20:10:42,067 - INFO - WAITING FOR DOWNLOAD COMPLETION POPUP
2026-01-12 20:10:42,068 - INFO - ======================================================================
2026-01-12 20:10:42,077 - INFO - Monitoring for popup (timeout: 120s = 2min)
