2026-01-12 20:50:44,897 - INFO - Log file: logs\xcp_powerizec_20260112_205044.log
2026-01-12 20:50:44,899 - INFO - Loading Excel: G:\My Drive\VaveTech-IEEE-JAN.xlsx [Sheet1]
2026-01-12 20:50:45,340 - INFO - Excel loaded: 142 rows, 21 columns
2026-01-12 20:50:45,349 - INFO - Employee 'Haritha': 12 raw → 12 valid articles
2026-01-12 20:50:45,350 - INFO - Employee 'Jithendra': 12 raw → 12 valid articles
2026-01-12 20:50:45,350 - INFO - Employee 'Navya': 4 raw → 4 valid articles
2026-01-12 20:50:45,351 - INFO - Employee 'Sravanthi': 12 raw → 12 valid articles
2026-01-12 20:50:45,352 - INFO - Employee 'Swapna': 12 raw → 12 valid articles
2026-01-12 20:50:45,353 - INFO - Final: 5 employees, 52 total articles
2026-01-12 20:50:45,364 - INFO - ✓ Created/verified folder structure:
2026-01-12 20:50:45,365 - INFO -   Date folder: 20260112
2026-01-12 20:50:45,365 - INFO -   Associate: Haritha
2026-01-12 20:50:45,365 - INFO -   Full path: G:\My Drive\Arczenrick\IEEE\2025\December\20260112\Haritha
2026-01-12 20:50:45,366 - INFO - ======================================================================
2026-01-12 20:50:45,367 - INFO - PHASE 1: XCP ENVIRONMENT SELECTION
2026-01-12 20:50:45,367 - INFO - ======================================================================
2026-01-12 20:50:45,368 - INFO - 
[1.1] Starting XCP application...
2026-01-12 20:50:45,575 - INFO - ✓ XCP started
2026-01-12 20:50:55,578 - INFO - 
[1.2] Finding XCP window...
2026-01-12 20:50:58,457 - INFO - ✓ Found: XCP Integrated System - Environment Selection
2026-01-12 20:50:58,458 - INFO - 
[1.3] Clicking 'Start XCP Integrated System' button...
2026-01-12 20:50:58,510 - INFO - ✓ Found button: 'Start XCP Integrated System'
2026-01-12 20:50:58,524 - INFO - ✓ Button clicked!
2026-01-12 20:50:58,526 - INFO - 
======================================================================
2026-01-12 20:50:58,530 - INFO - PHASE 2: POWERIZEC DOWNLOADER
2026-01-12 20:50:58,535 - INFO - ======================================================================
2026-01-12 20:50:58,608 - INFO - 
[2.1] Waiting for PowerIZEC window...
2026-01-12 20:51:05,009 - INFO - ✓ PowerIZEC window found! (after 0.0s)
2026-01-12 20:51:11,034 - INFO - 
======================================================================
2026-01-12 20:51:11,035 - INFO - WAITING FOR DOWNLOAD COMPLETION POPUP
2026-01-12 20:51:11,036 - INFO - ======================================================================
2026-01-12 20:51:11,041 - INFO - Monitoring for popup (timeout: 300s = 5min)
2026-01-12 20:51:37,248 - INFO - ✓ AUTO-CLICKED ''
2026-01-12 20:51:37,265 - INFO - 
======================================================================
2026-01-12 20:51:37,274 - INFO - PHASE 2: POWERIZEC DOWNLOADER
2026-01-12 20:51:37,276 - INFO - ======================================================================
2026-01-12 20:51:37,280 - INFO - 
[2.1] Waiting for PowerIZEC window...
